
┌   ZK Stack CLI 
│
●  Resetting test databases
│  
●  Dropping database for dal core/lib/dal...
│  
●  Dropping database for dal core/lib/dal... done in 0.008374334 secs
│  
●  Setting up database for dal core/lib/dal...
│  
●  Setting up database for dal core/lib/dal... done in 0.541808375 secs
│  
●  Dropping database for dal prover/crates/lib/prover_dal...
│  
●  Dropping database for dal prover/crates/lib/prover_dal... done in 0.00487075 secs
│  
●  Setting up database for dal prover/crates/lib/prover_dal...
│  
●  Setting up database for dal prover/crates/lib/prover_dal... done in 0.155918541 secs
│  
●  Using cargo-nextest for running tests
│  
⚙  Running: cargo nextest run --release
│  

   Compiling zksync_multivm v27.1.0-non-semver-compat (/Users/ra/Work/ZkSync/zksync-era-local-setup-release/core/lib/multivm)
warning: unused imports: `L1TxCommonData` and `L2_NATIVE_TOKEN_VAULT_ADDRESS`
  --> lib/multivm/src/versions/testonly/v26_upgrade_utils.rs:8:75
   |
8  |     AccountTreeId, Address, Execute, ExecuteTransactionCommon, L1ChainId, L1TxCommonData,
   |                                                                           ^^^^^^^^^^^^^^
9  |     StorageKey, Transaction, COMPLEX_UPGRADER_ADDRESS, CONTRACT_FORCE_DEPLOYER_ADDRESS, H256,
10 |     L1_MESSENGER_ADDRESS, L2_NATIVE_TOKEN_VAULT_ADDRESS, REQUIRED_L1_TO_L2_GAS_PER_PUBDATA_BYTE,
   |                           ^^^^^^^^^^^^^^^^^^^^^^^^^^^^^
   |
note: the lint level is defined here
  --> lib/multivm/src/lib.rs:3:9
   |
3  | #![warn(unused_imports)]
   |         ^^^^^^^^^^^^^^

warning: unused import: `storage::WriteStorage`
  --> lib/multivm/src/versions/testonly/v26_upgrade_utils.rs:14:5
   |
14 |     storage::WriteStorage, InspectExecutionMode, TxExecutionMode, VmInterfaceExt,
   |     ^^^^^^^^^^^^^^^^^^^^^

warning: unused imports: `encode_legacy_finalize_deposit`, `get_test_data_second_option`, `get_test_data`, and `tester::TransactionTestInfo`
  --> lib/multivm/src/versions/testonly/v26_upgrade_utils.rs:19:26
   |
19 |     versions::testonly::{tester::TransactionTestInfo, ContractToDeploy, VmTesterBuilder},
   |                          ^^^^^^^^^^^^^^^^^^^^^^^^^^^
20 |     vm_latest::utils::v26_upgrade::{
21 |         encode_legacy_finalize_deposit, get_test_data, get_test_data_second_option, V26TestData,
   |         ^^^^^^^^^^^^^^^^^^^^^^^^^^^^^^  ^^^^^^^^^^^^^  ^^^^^^^^^^^^^^^^^^^^^^^^^^^

warning: constant `SIMPLE_TEST_RESULT_JSON` is never used
  --> lib/multivm/src/versions/testonly/v26_upgrade_utils.rs:25:7
   |
25 | const SIMPLE_TEST_RESULT_JSON: &str = include_str!("./v26_utils_outputs/simple-test.json");
   |       ^^^^^^^^^^^^^^^^^^^^^^^
   |
   = note: `#[warn(dead_code)]` on by default

warning: constant `POST_BRIDGING_TEST_RESULT_JSON` is never used
  --> lib/multivm/src/versions/testonly/v26_upgrade_utils.rs:26:7
   |
26 | const POST_BRIDGING_TEST_RESULT_JSON: &str = include_str!("./v26_utils_outputs/post-bridging.json");
   |       ^^^^^^^^^^^^^^^^^^^^^^^^^^^^^^

warning: constant `POST_REGISTRATION_TEST_RESULT_JSON` is never used
  --> lib/multivm/src/versions/testonly/v26_upgrade_utils.rs:27:7
   |
27 | const POST_REGISTRATION_TEST_RESULT_JSON: &str =
   |       ^^^^^^^^^^^^^^^^^^^^^^^^^^^^^^^^^^

warning: function `trivial_test_storage_logs` is never used
  --> lib/multivm/src/versions/testonly/v26_upgrade_utils.rs:30:4
   |
30 | fn trivial_test_storage_logs() -> HashMap<StorageKey, H256> {
   |    ^^^^^^^^^^^^^^^^^^^^^^^^^

warning: function `post_bridging_test_storage_logs` is never used
  --> lib/multivm/src/versions/testonly/v26_upgrade_utils.rs:35:4
   |
35 | fn post_bridging_test_storage_logs() -> HashMap<StorageKey, H256> {
   |    ^^^^^^^^^^^^^^^^^^^^^^^^^^^^^^^

warning: function `post_registration_test_storage_logs` is never used
  --> lib/multivm/src/versions/testonly/v26_upgrade_utils.rs:40:4
   |
40 | fn post_registration_test_storage_logs() -> HashMap<StorageKey, H256> {
   |    ^^^^^^^^^^^^^^^^^^^^^^^^^^^^^^^^^^^

warning: function `load_complex_upgrader_contract` is never used
  --> lib/multivm/src/versions/testonly/v26_upgrade_utils.rs:45:4
   |
45 | fn load_complex_upgrader_contract() -> Contract {
   |    ^^^^^^^^^^^^^^^^^^^^^^^^^^^^^^

warning: function `get_prepare_system_tx` is never used
  --> lib/multivm/src/versions/testonly/v26_upgrade_utils.rs:49:4
   |
49 | fn get_prepare_system_tx(
   |    ^^^^^^^^^^^^^^^^^^^^^

warning: function `setup_v26_unsafe_deposits_detection` is never used
   --> lib/multivm/src/versions/testonly/v26_upgrade_utils.rs:113:4
    |
113 | fn setup_v26_unsafe_deposits_detection<VM: TestedVm>() -> (VmTester<VM>, V26TestData) {
    |    ^^^^^^^^^^^^^^^^^^^^^^^^^^^^^^^^^^^

warning: function `encode_regisration` is never used
   --> lib/multivm/src/versions/testonly/v26_upgrade_utils.rs:174:4
    |
174 | fn encode_regisration(l2_token_address: Address) -> Vec<u8> {
    |    ^^^^^^^^^^^^^^^^^^

warning: function `get_irrelevant_keys` is never used
   --> lib/multivm/src/versions/testonly/v26_upgrade_utils.rs:187:4
    |
187 | fn get_irrelevant_keys() -> Vec<StorageKey> {
    |    ^^^^^^^^^^^^^^^^^^^

warning: function `remove_irrelevant_keys` is never used
   --> lib/multivm/src/versions/testonly/v26_upgrade_utils.rs:197:4
    |
197 | fn remove_irrelevant_keys(mut logs: HashMap<StorageKey, H256>) -> HashMap<StorageKey, H256> {
    |    ^^^^^^^^^^^^^^^^^^^^^^

   Compiling zksync_node_genesis v27.1.0-non-semver-compat (/Users/ra/Work/ZkSync/zksync-era-local-setup-release/core/node/genesis)
   Compiling zksync_vm_executor v27.1.0-non-semver-compat (/Users/ra/Work/ZkSync/zksync-era-local-setup-release/core/lib/vm_executor)
   Compiling zksync_commitment_generator v27.1.0-non-semver-compat (/Users/ra/Work/ZkSync/zksync-era-local-setup-release/core/node/commitment_generator)
   Compiling vm-benchmark v27.1.0-non-semver-compat (/Users/ra/Work/ZkSync/zksync-era-local-setup-release/core/tests/vm-benchmark)
   Compiling zksync_tee_verifier v27.1.0-non-semver-compat (/Users/ra/Work/ZkSync/zksync-era-local-setup-release/core/lib/tee_verifier)
   Compiling zksync_state_keeper v27.1.0-non-semver-compat (/Users/ra/Work/ZkSync/zksync-era-local-setup-release/core/node/state_keeper)
   Compiling zksync_proof_data_handler v27.1.0-non-semver-compat (/Users/ra/Work/ZkSync/zksync-era-local-setup-release/core/node/proof_data_handler)
   Compiling zksync_vm_runner v27.1.0-non-semver-compat (/Users/ra/Work/ZkSync/zksync-era-local-setup-release/core/node/vm_runner)
   Compiling zksync_metadata_calculator v27.1.0-non-semver-compat (/Users/ra/Work/ZkSync/zksync-era-local-setup-release/core/node/metadata_calculator)
   Compiling zksync_node_sync v27.1.0-non-semver-compat (/Users/ra/Work/ZkSync/zksync-era-local-setup-release/core/node/node_sync)
   Compiling zksync_consistency_checker v27.1.0-non-semver-compat (/Users/ra/Work/ZkSync/zksync-era-local-setup-release/core/node/consistency_checker)
   Compiling zksync_node_db_pruner v27.1.0-non-semver-compat (/Users/ra/Work/ZkSync/zksync-era-local-setup-release/core/node/db_pruner)
   Compiling zksync_node_api_server v27.1.0-non-semver-compat (/Users/ra/Work/ZkSync/zksync-era-local-setup-release/core/node/api_server)
   Compiling zksync_node_consensus v27.1.0-non-semver-compat (/Users/ra/Work/ZkSync/zksync-era-local-setup-release/core/node/consensus)
   Compiling zksync_node_storage_init v27.1.0-non-semver-compat (/Users/ra/Work/ZkSync/zksync-era-local-setup-release/core/node/node_storage_init)
   Compiling zksync_node_framework v27.1.0-non-semver-compat (/Users/ra/Work/ZkSync/zksync-era-local-setup-release/core/node/node_framework)
   Compiling zksync_node_fee_model v27.1.0-non-semver-compat (/Users/ra/Work/ZkSync/zksync-era-local-setup-release/core/node/fee_model)
   Compiling custom_genesis_export v27.1.0-non-semver-compat (/Users/ra/Work/ZkSync/zksync-era-local-setup-release/core/bin/custom_genesis_export)
   Compiling genesis_generator v27.1.0-non-semver-compat (/Users/ra/Work/ZkSync/zksync-era-local-setup-release/core/bin/genesis_generator)
   Compiling zksync_reorg_detector v27.1.0-non-semver-compat (/Users/ra/Work/ZkSync/zksync-era-local-setup-release/core/node/reorg_detector)
   Compiling system-constants-generator v27.1.0-non-semver-compat (/Users/ra/Work/ZkSync/zksync-era-local-setup-release/core/bin/system-constants-generator)
   Compiling zk_os_tree_manager v27.1.0-non-semver-compat (/Users/ra/Work/ZkSync/zksync-era-local-setup-release/core/node/zk_os_tree_manager)
warning: `zksync_multivm` (lib test) generated 15 warnings (run `cargo fix --lib -p zksync_multivm --tests` to apply 3 suggestions)
   Compiling zksync_server v27.1.0-non-semver-compat (/Users/ra/Work/ZkSync/zksync-era-local-setup-release/core/bin/zksync_server)
   Compiling zksync_external_node v27.1.0-non-semver-compat (/Users/ra/Work/ZkSync/zksync-era-local-setup-release/core/bin/external_node)
   Compiling zksync_tee_prover v27.1.0-non-semver-compat (/Users/ra/Work/ZkSync/zksync-era-local-setup-release/core/bin/zksync_tee_prover)
    Finished `release` profile [optimized] target(s) in 3m 00s
    Starting 1909 tests across 88 binaries (3 skipped)
        PASS [   0.008s] loadnext corrupted_tx::tests::zero_fee
        PASS [   0.007s] selector_generator::bin/selector_generator selectors::tests::test_selectors
        PASS [   0.008s] loadnext report_collector::metrics_collector::tests::histogram_percentile
        PASS [   0.009s] loadnext report_collector::metrics_collector::tests::histogram_item_addition
        PASS [   0.008s] loadnext report_collector::metrics_collector::tests::histogram_ranges
        PASS [   0.009s] loadnext report_collector::metrics_collector::tests::histogram_window_size
        PASS [   0.123s] vm-benchmark vm::tests::can_deploy_contract
        PASS [   0.124s] vm-benchmark vm::tests::can_erc20_transfer
        PASS [   0.158s] snapshots_creator::bin/snapshots_creator tests::creator_fails_if_specified_l1_batch_is_missing
        PASS [   0.067s] vm-benchmark vm::tests::can_load_test
        PASS [   0.073s] vm-benchmark vm::tests::can_load_test_with_heavy_txs
        PASS [   0.062s] vm-benchmark vm::tests::can_load_test_with_realistic_txs
        PASS [   0.052s] vm-benchmark vm::tests::can_transfer
        PASS [   0.008s] zk_os_merkle_tree consistency::tests::prev_and_next_key_work_as_expected
        PASS [   0.008s] zk_os_merkle_tree hasher::nodes::tests::constructing_internal_hashes
        PASS [   0.007s] zk_os_merkle_tree hasher::proofs::tests::basic_insertion_proof
        PASS [   0.054s] vm-benchmark vm::tests::instruction_count_matches_on_both_vms_for_transfer
        PASS [   0.007s] zk_os_merkle_tree hasher::proofs::tests::basic_read_proof
        PASS [   0.008s] zk_os_merkle_tree hasher::proofs::tests::insertion_proof_for_empty_tree
        PASS [   0.007s] zk_os_merkle_tree hasher::proofs::tests::mixed_read_write_proof
        PASS [   0.007s] zk_os_merkle_tree hasher::tests::hashing_leaves_is_correct
        PASS [   0.016s] zk_os_merkle_tree storage::rocksdb::tests::looking_up_keys
        PASS [   0.016s] zk_os_merkle_tree storage::rocksdb::tests::truncating_tree_removes_key_indices
        PASS [   0.030s] zk_os_merkle_tree storage::rocksdb::tests::persisting_nodes
        PASS [   0.009s] zk_os_merkle_tree storage::tests::creating_min_update_for_empty_tree
        PASS [   0.009s] zk_os_merkle_tree storage::tests::creating_non_empty_update_for_empty_tree
        PASS [   0.023s] zk_os_merkle_tree storage::tests::creating_empty_tree
        PASS [   0.017s] zk_os_merkle_tree storage::tests::creating_tree_with_leaves_in_single_batch
        PASS [   0.014s] zk_os_merkle_tree storage::tests::creating_tree_with_leaves_incrementally
        PASS [   0.009s] zk_os_merkle_tree storage::tests::creating_tree_with_multiple_leaves_and_update
        PASS [   0.012s] zk_os_merkle_tree storage::tests::mixed_update_and_insert
        PASS [   0.371s] snapshots_creator::bin/snapshots_creator tests::persisting_snapshot_factory_deps
        PASS [   0.010s] zk_os_merkle_tree storage::tests::patch_is_reduced_for_mixed_workload
        PASS [   0.377s] snapshots_creator::bin/snapshots_creator tests::persisting_snapshot_logs
        PASS [   0.012s] zk_os_merkle_tree storage::tests::patch_is_reduced_for_readonly_workload
        PASS [   0.010s] zk_os_merkle_tree storage::tests::using_patched_database
        PASS [   0.386s] snapshots_creator::bin/snapshots_creator tests::persisting_snapshot_logs_for_v0_snapshot
        PASS [   0.007s] zk_os_merkle_tree tests::empty_tree_hash_is_correct
        PASS [   0.011s] zk_os_merkle_tree tests::extending_tree_with_reference_indices
        PASS [   0.397s] snapshots_creator::bin/snapshots_creator tests::recovery_workflow_with_varying_chunk_size
        PASS [   0.411s] snapshots_creator::bin/snapshots_creator tests::recovery_workflow::case_0
        PASS [   0.408s] snapshots_creator::bin/snapshots_creator tests::recovery_workflow_with_new_l1_batch
        PASS [   0.412s] snapshots_creator::bin/snapshots_creator tests::recovery_workflow::case_1
        PASS [   0.420s] snapshots_creator::bin/snapshots_creator tests::persisting_snapshot_metadata
        PASS [   0.065s] zk_os_merkle_tree tests::extending_tree_with_proof
        PASS [   0.453s] snapshots_creator::bin/snapshots_creator tests::persisting_snapshot_logs_with_specified_l1_batch
        PASS [   0.476s] vm-benchmark tests::deploy_transactions_are_valid
        PASS [   0.187s] zk_os_merkle_tree tests::comparing_tree_hash_against_naive_impl
        PASS [   0.167s] zk_os_merkle_tree tests::prop::verifying_update_proof_for_empty_tree
        PASS [   0.255s] zk_os_merkle_tree tests::comparing_tree_hash_with_updates
        PASS [   0.152s] zk_os_merkle_tree tests::rocksdb::extending_tree_with_proof
        PASS [   0.243s] zk_os_merkle_tree tests::prop::mutating_read_proof
        PASS [   0.007s] zk_os_merkle_tree tests::tree_depth_mismatch
        PASS [   0.242s] zk_os_merkle_tree tests::prop::verifying_read_proof
        PASS [   0.007s] zk_os_merkle_tree tests::tree_internal_node_depth_mismatch
        PASS [   0.418s] zk_os_merkle_tree tests::prop::verifying_update_proof_for_filled_tree
        PASS [   0.210s] zk_os_tree_manager api::tests::in_process_client_basics
        PASS [   0.225s] zk_os_tree_manager api::tests::api_client_basics
        PASS [   0.461s] zk_os_merkle_tree tests::prop::verifying_update_proof_for_filled_tree_with_updates
        PASS [   0.431s] zk_os_merkle_tree tests::rocksdb::comparing_tree_hash_against_naive_impl
        PASS [   0.466s] zk_os_merkle_tree tests::rocksdb::comparing_tree_hash_with_updates
        PASS [   0.007s] zksync_base_token_adjuster base_token_l1_behaviour::tests::test_compute_deviation
        PASS [   0.006s] zksync_base_token_adjuster base_token_l1_behaviour::tests::test_compute_deviation_when_prev_is_zero
        PASS [   0.006s] zksync_basic_types basic_fri_types::tests::test_eip_4844_blobs_empty_pubdata
        PASS [   0.006s] zksync_basic_types basic_fri_types::tests::test_eip_4844_blobs_encode_happy_path
        PASS [   0.008s] zksync_basic_types basic_fri_types::tests::test_eip_4844_blobs_needs_no_padding
        PASS [   0.008s] zksync_basic_types basic_fri_types::tests::test_eip_4844_blobs_needs_padding
        PASS [   0.006s] zksync_basic_types basic_fri_types::tests::test_eip_4844_blobs_too_much_pubdata
        PASS [   0.005s] zksync_basic_types bytecode::tests::bytecode_markers_are_valid
        PASS [   0.006s] zksync_basic_types bytecode::tests::preparing_evm_bytecode
        PASS [   0.005s] zksync_basic_types protocol_version::tests::test_protocol_version_packing
        PASS [   0.006s] zksync_basic_types protocol_version::tests::test_verifier_config_serde
        PASS [   0.007s] zksync_basic_types serde_wrappers::tests::test_hex_serde_bincode
        PASS [   0.006s] zksync_basic_types serde_wrappers::tests::test_hex_serde_json
        PASS [   0.006s] zksync_basic_types tee_types::tests::test_deserialize_teetype
        PASS [   0.007s] zksync_basic_types tee_types::tests::test_display_teetype
        PASS [   0.184s] zk_os_tree_manager tests::basic_workflow::case_0
        PASS [   0.007s] zksync_basic_types tee_types::tests::test_serialize_teetype
        PASS [   0.005s] zksync_basic_types tests::test_deserialize_invalid
        PASS [   0.006s] zksync_basic_types tests::test_deserialize_valid_decimal
        PASS [   0.006s] zksync_basic_types tests::test_deserialize_valid_hex
        PASS [   0.005s] zksync_basic_types tests::test_from_str_invalid_input
        PASS [   0.007s] zksync_basic_types tests::test_from_str_too_big_chain_id
        PASS [   0.165s] zk_os_tree_manager tests::genesis_creation
        PASS [   0.007s] zksync_basic_types tests::test_from_str_valid_decimal
        PASS [   0.006s] zksync_basic_types tests::test_from_str_valid_hexadecimal
        PASS [   0.006s] zksync_basic_types tests::test_serialize_deserialize
        PASS [   0.005s] zksync_basic_types tests::test_serialize_deserialize_bincode
        PASS [   0.006s] zksync_basic_types url::tests::url_censoring_works_as_expected
        PASS [   0.006s] zksync_basic_types web3::tests::block_can_be_deserialized
        PASS [   0.006s] zksync_basic_types web3::tests::block_id_can_be_deserialized
        PASS [   0.006s] zksync_basic_types web3::tests::deserializing_u64_number
        PASS [   0.005s] zksync_basic_types web3::tests::test_bytes_serde_bincode
        PASS [   0.005s] zksync_basic_types web3::tests::test_bytes_serde_bincode_snapshot
        PASS [   0.005s] zksync_basic_types web3::tests::test_bytes_serde_json
        PASS [   0.204s] zk_os_tree_manager tests::workflow_with_multiple_batches::case_0
        PASS [   0.251s] zk_os_tree_manager tests::basic_workflow::case_1
        PASS [   0.116s] zksync_block_reverter tests::reverter_handles_incomplete_snapshot
        PASS [   0.106s] zksync_block_reverter tests::reverting_snapshot::case_0
        PASS [   0.107s] zksync_block_reverter tests::reverting_snapshot::case_1
        PASS [   0.186s] zksync_block_reverter tests::block_reverter_basics::case_0
        PASS [   0.185s] zksync_block_reverter tests::block_reverter_basics::case_1
        PASS [   0.858s] zk_os_merkle_tree tests::read_proofs
        PASS [   0.130s] zksync_block_reverter tests::reverting_snapshot_propagates_fatal_errors
        PASS [   0.144s] zksync_block_reverter tests::reverting_snapshot_ignores_not_found_object_store_errors
        PASS [   0.008s] zksync_commitment_generator tests::test_convert_vm_events_to_log_queries
        PASS [   0.455s] zk_os_tree_manager tests::workflow_with_multiple_batches::case_1
        PASS [   0.044s] zksync_commitment_generator validation_task::tests::ensure_l1_batch_commit_data_generation_mode_fails_on_mismatch
        PASS [   0.044s] zksync_commitment_generator validation_task::tests::ensure_l1_batch_commit_data_generation_mode_fails_on_parse_error
        PASS [   0.045s] zksync_commitment_generator validation_task::tests::ensure_l1_batch_commit_data_generation_mode_recovers_from_request_failure
        PASS [   0.006s] zksync_config configs::api::tests::working_with_max_response_size_overrides
        PASS [   0.006s] zksync_config configs::genesis::tests::genesis_serde_snark_wrapper_vk_hash
        PASS [   0.044s] zksync_commitment_generator validation_task::tests::ensure_l1_batch_commit_data_generation_mode_succeeds_on_legacy_contracts
        PASS [   0.043s] zksync_commitment_generator validation_task::tests::ensure_l1_batch_commit_data_generation_mode_succeeds_when_both_match
        PASS [   0.172s] zksync_commitment_generator tests::determining_batch_range
        PASS [   0.063s] zksync_consistency_checker tests::build_commit_tx_input_data_is_correct::case_1
        PASS [   0.170s] zksync_consistency_checker tests::checker_detects_incorrect_tx_data::case_00
        PASS [   0.369s] zksync_commitment_generator tests::commitment_generator_bulk_processing
        PASS [   0.174s] zksync_consistency_checker tests::checker_detects_incorrect_tx_data::case_01
        PASS [   0.504s] zksync_commitment_generator tests::commitment_generator_with_tree_emulation
        PASS [   0.169s] zksync_consistency_checker tests::checker_detects_incorrect_tx_data::case_03
        PASS [   0.158s] zksync_consistency_checker tests::checker_detects_incorrect_tx_data::case_05
        PASS [   0.155s] zksync_consistency_checker tests::checker_detects_incorrect_tx_data::case_07
        PASS [   0.159s] zksync_consistency_checker tests::checker_detects_incorrect_tx_data::case_09
        PASS [   0.846s] zksync_commitment_generator tests::commitment_generator_normal_operation
        PASS [   1.511s] zk_os_merkle_tree tests::rocksdb::read_proofs
        PASS [   0.184s] zksync_consistency_checker tests::checker_detects_incorrect_tx_data::case_11
        PASS [   0.187s] zksync_consistency_checker tests::checker_detects_incorrect_tx_data::case_13
        PASS [   1.819s] zk_os_merkle_tree tests::using_patched_database
        PASS [   0.191s] zksync_consistency_checker tests::checker_detects_incorrect_tx_data::case_15
        PASS [   0.172s] zksync_consistency_checker tests::checker_detects_incorrect_tx_data::case_16
        PASS [   0.184s] zksync_consistency_checker tests::checker_detects_incorrect_tx_data::case_17
        PASS [   4.062s] vm-benchmark vm::tests::instruction_count_matches_on_both_vms_for_benchmark_bytecodes
        PASS [   0.126s] zksync_consistency_checker tests::checker_detects_incorrect_tx_data_after_snapshot_recovery::case_1
        PASS [   4.671s] zk_os_merkle_tree tests::rocksdb::using_patched_database
        PASS [   0.169s] zksync_consistency_checker tests::checker_functions_after_snapshot_recovery::case_1
        PASS [   5.897s] vm-benchmark criterion::tests::recording_benchmarks
        PASS [   0.156s] zksync_consistency_checker tests::checker_functions_after_snapshot_recovery::case_3
        PASS [   5.048s] zksync_consistency_checker tests::checker_detects_incorrect_tx_data::case_02
        PASS [   5.071s] zksync_consistency_checker tests::checker_detects_incorrect_tx_data::case_04
        PASS [   5.301s] zksync_consistency_checker tests::build_commit_tx_input_data_is_correct::case_0
        PASS [   5.096s] zksync_consistency_checker tests::checker_detects_incorrect_tx_data::case_06
        PASS [   5.122s] zksync_consistency_checker tests::checker_detects_incorrect_tx_data::case_08
        PASS [   0.522s] zksync_consistency_checker tests::checker_processes_pre_boojum_batches::case_1
        PASS [   0.486s] zksync_consistency_checker tests::checker_processes_pre_boojum_batches::case_3
        PASS [   5.092s] zksync_consistency_checker tests::checker_detects_incorrect_tx_data::case_12
        PASS [   0.008s] zksync_consistency_checker tests::extracting_commit_data_for_boojum_batch
        PASS [   0.009s] zksync_consistency_checker tests::extracting_commit_data_for_multiple_batches
        PASS [   5.134s] zksync_consistency_checker tests::checker_detects_incorrect_tx_data::case_10
        PASS [   0.013s] zksync_consistency_checker tests::extracting_commit_data_for_pre_boojum_batch
        PASS [   0.504s] zksync_consistency_checker tests::checker_processes_pre_boojum_batches::case_5
        PASS [   5.062s] zksync_consistency_checker tests::checker_detects_incorrect_tx_data::case_14
        PASS [   0.493s] zksync_consistency_checker tests::checker_processes_pre_boojum_batches::case_7
        PASS [   0.469s] zksync_consistency_checker tests::normal_checker_function::case_01
        PASS [   0.479s] zksync_consistency_checker tests::normal_checker_function::case_03
        PASS [   5.101s] zksync_consistency_checker tests::checker_detects_incorrect_tx_data_after_snapshot_recovery::case_0
        PASS [   0.507s] zksync_consistency_checker tests::normal_checker_function::case_05
        PASS [   0.478s] zksync_consistency_checker tests::normal_checker_function::case_07
        PASS [   0.531s] zksync_consistency_checker tests::normal_checker_function::case_09
        PASS [   5.010s] zksync_consistency_checker tests::checker_functions_after_snapshot_recovery::case_0
        PASS [   0.500s] zksync_consistency_checker tests::normal_checker_function::case_11
        PASS [   4.747s] zksync_consistency_checker tests::checker_functions_after_snapshot_recovery::case_2
        PASS [   0.522s] zksync_consistency_checker tests::normal_checker_function::case_13
        PASS [   5.736s] zksync_consistency_checker tests::checker_processes_pre_boojum_batches::case_0
        PASS [   5.506s] zksync_consistency_checker tests::checker_processes_pre_boojum_batches::case_2
        PASS [   0.462s] zksync_consistency_checker tests::normal_checker_function::case_15
        PASS [   5.584s] zksync_consistency_checker tests::checker_processes_pre_boojum_batches::case_4
        PASS [   5.660s] zksync_consistency_checker tests::checker_processes_pre_boojum_batches::case_6
        PASS [   0.476s] zksync_consistency_checker tests::normal_checker_function::case_17
        PASS [   0.459s] zksync_consistency_checker tests::normal_checker_function::case_19
        PASS [   6.253s] zksync_consistency_checker tests::normal_checker_function::case_00
        PASS [   0.487s] zksync_consistency_checker tests::normal_checker_function::case_21
        PASS [   6.299s] zksync_consistency_checker tests::normal_checker_function::case_02
        PASS [   0.072s] zksync_contract_verification_server tests::getting_compiler_versions
        PASS [   0.057s] zksync_contract_verification_server tests::mismatched_compiler_type
        PASS [   6.258s] zksync_consistency_checker tests::normal_checker_function::case_04
        PASS [   0.112s] zksync_contract_verification_server tests::partial_verification::case_0
        PASS [   0.068s] zksync_contract_verification_server tests::querying_missing_request
        PASS [   0.112s] zksync_contract_verification_server tests::partial_verification::case_1
        PASS [   0.071s] zksync_contract_verification_server tests::querying_missing_verification_info
        PASS [   0.501s] zksync_consistency_checker tests::normal_checker_function::case_23
        PASS [   0.119s] zksync_contract_verification_server tests::submitting_request::case_0
        PASS [   0.126s] zksync_contract_verification_server tests::submitting_request::case_1
        PASS [   0.092s] zksync_contract_verification_server tests::submitting_request_with_invalid_compiler_type::case_0
        PASS [   0.098s] zksync_contract_verification_server tests::submitting_request_with_invalid_compiler_type::case_1
        PASS [   0.074s] zksync_contract_verification_server tests::submitting_request_with_unsupported_solc::case_0
        PASS [   0.013s] zksync_contract_verifier_lib compilers::zksolc::tests::check_is_post_1_5_0
        PASS [   0.013s] zksync_contract_verifier_lib compilers::zkvyper::tests::sanitizing_contract_paths
        PASS [   0.008s] zksync_contract_verifier_lib etherscan::client::tests::test_extract_result_403_status
        PASS [   0.088s] zksync_contract_verification_server tests::submitting_request_with_unsupported_solc::case_1
        PASS [   0.013s] zksync_contract_verifier_lib etherscan::client::tests::test_extract_result_404_status
        PASS [   0.009s] zksync_contract_verifier_lib etherscan::client::tests::test_extract_result_cloudflare_challenge
        PASS [   0.010s] zksync_contract_verifier_lib etherscan::client::tests::test_extract_result_error_response
        PASS [   0.011s] zksync_contract_verifier_lib etherscan::client::tests::test_extract_result_successful_response
        PASS [   0.023s] zksync_contract_verifier_lib etherscan::client::tests::test_extract_result_unexpected_status
        PASS [   0.115s] zksync_contract_verification_server tests::submitting_request_with_unsupported_zksolc
        PASS [   0.007s] zksync_contract_verifier_lib etherscan::tests::test_supported_verification_requests
        PASS [   0.005s] zksync_contract_verifier_lib etherscan::tests::test_unsupported_verification_requests
        PASS [   0.031s] zksync_contract_verifier_lib etherscan::solc_versions_fetcher::tests::test_solc_builds_fetcher_has_predefined_versions
        PASS [   0.005s] zksync_contract_verifier_lib etherscan::types::tests::test_raw_etherscan_response_deserialize_result
        PASS [   0.008s] zksync_contract_verifier_lib etherscan::types::tests::test_raw_etherscan_response_error_message
        PASS [   0.006s] zksync_contract_verifier_lib etherscan::types::tests::test_raw_etherscan_response_error_message_non_string_result
        PASS [   0.014s] zksync_contract_verifier_lib etherscan::types::tests::test_from_solc_standard_json_input
        PASS [   0.017s] zksync_contract_verifier_lib etherscan::types::tests::test_unsupported_compiler_version
        PASS [   0.016s] zksync_contract_verifier_lib etherscan::types::tests::test_unsupported_source_code_format
        PASS [   0.021s] zksync_contract_verifier_lib etherscan::types::tests::test_verification_request_from_solc_single_file_compilation_request
        PASS [   6.418s] zksync_consistency_checker tests::normal_checker_function::case_06
        PASS [   0.019s] zksync_contract_verifier_lib etherscan::types::tests::test_verification_request_from_zksolc_single_file_compilation_request
        PASS [   0.019s] zksync_contract_verifier_lib etherscan::utils::tests::test_normalize_solc_version_with_zkvm_prefix
        PASS [   0.015s] zksync_contract_verifier_lib etherscan::utils::tests::test_normalize_solc_version_without_v_prefix
        PASS [   6.460s] zksync_consistency_checker tests::normal_checker_function::case_08
        PASS [   6.376s] zksync_consistency_checker tests::normal_checker_function::case_10
        PASS [   1.146s] zksync_contract_verifier_lib tests::args_mismatch_error::case_1
        PASS [   1.147s] zksync_contract_verifier_lib tests::args_mismatch_error::case_3
        PASS [   1.148s] zksync_contract_verifier_lib tests::args_mismatch_error::case_2
        PASS [   1.156s] zksync_contract_verifier_lib tests::args_mismatch_error::case_0
        PASS [   0.042s] zksync_contract_verifier_lib tests::real::compilation_errors::case_0
        PASS [   0.037s] zksync_contract_verifier_lib tests::real::compilation_errors::case_1
        PASS [   0.041s] zksync_contract_verifier_lib tests::real::compiling_standalone_yul
        PASS [   0.036s] zksync_contract_verifier_lib tests::real::compiling_yul_with_zksolc
        PASS [   1.105s] zksync_contract_verifier_lib tests::bytecode_mismatch_error
        PASS [   0.036s] zksync_contract_verifier_lib tests::real::using_real_compiler_in_verifier::case_0
        PASS [   0.035s] zksync_contract_verifier_lib tests::real::using_real_compiler_in_verifier::case_1
        PASS [   0.035s] zksync_contract_verifier_lib tests::real::using_real_compiler_in_verifier::case_2
        PASS [   0.037s] zksync_contract_verifier_lib tests::real::using_real_compiler_in_verifier::case_3
        PASS [   0.032s] zksync_contract_verifier_lib tests::real::using_real_zksolc::case_0
        PASS [   0.034s] zksync_contract_verifier_lib tests::real::using_real_zksolc::case_1
        PASS [   0.036s] zksync_contract_verifier_lib tests::real::using_real_zkvyper::case_0
        PASS [   0.036s] zksync_contract_verifier_lib tests::real::using_real_zkvyper::case_1
        PASS [   0.032s] zksync_contract_verifier_lib tests::real::using_standalone_solc::case_0
        PASS [   0.035s] zksync_contract_verifier_lib tests::real::using_standalone_solc::case_1
        PASS [   0.032s] zksync_contract_verifier_lib tests::real::using_standalone_solc_with_custom_settings::case_0
        PASS [   6.049s] zksync_consistency_checker tests::normal_checker_function::case_12
        PASS [   0.036s] zksync_contract_verifier_lib tests::real::using_standalone_solc_with_custom_settings::case_1
        PASS [   0.034s] zksync_contract_verifier_lib tests::real::using_standalone_solc_with_custom_settings::case_2
        PASS [   0.034s] zksync_contract_verifier_lib tests::real::using_standalone_solc_with_incorrect_evm_version_fails
        PASS [   0.034s] zksync_contract_verifier_lib tests::real::using_standalone_vyper::case_0
        PASS [   0.035s] zksync_contract_verifier_lib tests::real::using_standalone_vyper::case_1
        PASS [   0.034s] zksync_contract_verifier_lib tests::real::using_standalone_vyper_with_bogus_optimization
        PASS [   0.033s] zksync_contract_verifier_lib tests::real::using_standalone_vyper_with_code_size_optimization
        PASS [   0.033s] zksync_contract_verifier_lib tests::real::using_standalone_vyper_without_optimization
        PASS [   0.035s] zksync_contract_verifier_lib tests::real::using_zksolc_partial_match::case_0
        PASS [   0.034s] zksync_contract_verifier_lib tests::real::using_zksolc_with_abstract_contract::case_0
        PASS [   0.035s] zksync_contract_verifier_lib tests::real::using_zksolc_partial_match::case_1
        PASS [   0.033s] zksync_contract_verifier_lib tests::real::using_zksolc_with_abstract_contract::case_1
        PASS [   0.005s] zksync_contracts serde_bytecode::tests::serializing_system_contract_code
        PASS [   0.004s] zksync_contracts serde_bytecode::tests::serializing_system_contract_code_using_bincode
        PASS [   0.048s] zksync_contracts tests::loading_historic_estimation_base_contracts
        PASS [   0.050s] zksync_contracts tests::loading_historic_playground_contracts
        PASS [   0.006s] zksync_crypto_primitives ecdsa_signature::tests::key_conversions
        PASS [   0.004s] zksync_crypto_primitives ecdsa_signature::tests::key_is_not_exposed_in_debug_impl
        PASS [   0.004s] zksync_crypto_primitives ecdsa_signature::tests::recover_allowing_all_zero_message_can_recover_from_all_zero_messages
        PASS [   0.006s] zksync_crypto_primitives ecdsa_signature::tests::sign_and_recover_public
        PASS [   0.004s] zksync_crypto_primitives ecdsa_signature::tests::sign_and_recover_public_works_with_zeroed_messages
        PASS [   0.004s] zksync_crypto_primitives ecdsa_signature::tests::signature_to_and_from_str
        PASS [   0.004s] zksync_crypto_primitives ecdsa_signature::tests::vrs_conversion
        PASS [   0.005s] zksync_crypto_primitives eip712_signature::tests::test_encode_eip712_typed_struct
        PASS [   0.005s] zksync_crypto_primitives eip712_signature::tests::test_get_eip712_json
        PASS [   0.005s] zksync_crypto_primitives packed_eth_signature::tests::unpack_v_0
        PASS [   0.004s] zksync_crypto_primitives packed_eth_signature::tests::unpack_v_0_with_chain_id_0
        PASS [   0.010s] zksync_crypto_primitives packed_eth_signature::tests::unpack_v_1
        PASS [   0.004s] zksync_crypto_primitives packed_eth_signature::tests::unpack_v_1_with_chain_id_0
        PASS [   0.004s] zksync_crypto_primitives packed_eth_signature::tests::unpack_v_1_with_chain_id_11
        PASS [   0.004s] zksync_crypto_primitives packed_eth_signature::tests::unpack_v_1_with_chain_id_270
        PASS [   0.004s] zksync_crypto_primitives packed_eth_signature::tests::unpack_wrong_v_10_without_chain_id
        PASS [   0.004s] zksync_crypto_primitives packed_eth_signature::tests::unpack_wrong_v_30_without_chain_id
        PASS [   0.005s] zksync_da_clients object_store::tests::stored_object_serialization
        PASS [   0.004s] zksync_da_clients object_store::tests::test_storable_pubdata_deserialization
        PASS [   0.067s] zksync_dal blocks_dal::tests::loading_l1_batch_header
        PASS [   0.043s] zksync_dal blocks_dal::tests::persisting_evm_emulator_hash
        PASS [   0.043s] zksync_dal blocks_dal::tests::set_tx_id_works_correctly
        PASS [   0.048s] zksync_dal blocks_web3_dal::tests::getting_traces_for_block
        PASS [   0.049s] zksync_dal blocks_web3_dal::tests::getting_web3_block_and_tx_count
        PASS [   0.041s] zksync_dal blocks_web3_dal::tests::resolving_block_by_hash
        PASS [   0.046s] zksync_dal blocks_web3_dal::tests::resolving_earliest_block_id
        PASS [   1.137s] zksync_contract_verifier_lib tests::contract_verifier_basics::case_0
        PASS [   0.042s] zksync_dal blocks_web3_dal::tests::resolving_latest_block_id
        PASS [   0.046s] zksync_dal blocks_web3_dal::tests::resolving_l1_committed_block_id
        PASS [   1.112s] zksync_contract_verifier_lib tests::contract_verifier_basics::case_1
        PASS [   1.113s] zksync_contract_verifier_lib tests::creation_bytecode_mismatch
        PASS [   1.117s] zksync_contract_verifier_lib tests::no_compiler_version
        PASS [   5.972s] zksync_consistency_checker tests::normal_checker_function::case_14
        PASS [   0.044s] zksync_dal blocks_web3_dal::tests::resolving_pending_block_id_for_snapshot_recovery
        PASS [   0.048s] zksync_dal contract_verification_dal::tests::getting_contract_info_for_verification
        PASS [   0.069s] zksync_dal consensus::tests::test_encoding
        PASS [   0.114s] zksync_dal contract_verification_dal::tests::working_with_verification_requests
        PASS [   0.092s] zksync_dal eth_watcher_dal::tests::test_get_or_set_next_block_to_process_with_different_event_types
        PASS [   0.089s] zksync_dal etherscan_verification_dal::tests::test_saving_request_for_retry
        PASS [   0.087s] zksync_dal etherscan_verification_dal::tests::test_updating_verification_request_etherscan_verification_id
        PASS [   0.140s] zksync_dal consensus_dal::tests::replica_state_read_write
        PASS [   0.084s] zksync_dal etherscan_verification_dal::tests::test_updating_verification_request_failed_status
        PASS [   0.072s] zksync_dal etherscan_verification_dal::tests::test_updating_verification_request_successful_status
        PASS [   0.052s] zksync_dal events_web3_dal::tests::test_build_get_logs_with_multiple_topics_where_clause
        PASS [   0.073s] zksync_dal events_dal::tests::storing_events
        PASS [   0.062s] zksync_dal events_web3_dal::tests::test_build_get_logs_where_clause
        PASS [   0.005s] zksync_dal models::call::tests::call_deserialization
        PASS [   0.071s] zksync_dal events_dal::tests::storing_l2_to_l1_logs
        PASS [   0.006s] zksync_dal models::call::tests::legacy_call_deserialization
        PASS [   0.005s] zksync_dal models::tests::storage_tx_to_l1_tx
        PASS [   0.005s] zksync_dal models::tests::storage_tx_to_l1_tx_with_defaults
        PASS [   0.006s] zksync_dal models::tests::storage_tx_to_l2_tx_eip1559
        PASS [   0.006s] zksync_dal models::tests::storage_tx_to_l2_tx_eip2930
        PASS [   0.005s] zksync_dal models::tests::storage_tx_to_l2_tx_eip712
        PASS [   0.006s] zksync_dal models::tests::storage_tx_to_l2_tx_legacy
        PASS [   0.008s] zksync_dal models::tests::storage_tx_to_l2_tx_unsupported_tx_type
        PASS [   0.007s] zksync_dal models::tests::storage_tx_to_protocol_upgrade_tx
        PASS [   0.009s] zksync_dal models::tests::storage_tx_to_protocol_upgrade_tx_with_defaults
        PASS [   0.007s] zksync_dal models::tests::test_bigdecimal_to_u256
        PASS [   0.056s] zksync_dal events_web3_dal::tests::test_build_get_logs_with_no_address_where_clause
        PASS [   0.011s] zksync_dal models::tests::test_u256_to_bigdecimal
        PASS [   0.131s] zksync_dal etherscan_verification_dal::tests::test_working_with_verification_requests
        PASS [   0.081s] zksync_dal helpers::tests::waiting_for_l1_batch_cancellation
        PASS [   0.107s] zksync_dal helpers::tests::waiting_for_l1_batch_success
        PASS [   0.056s] zksync_dal pruning_dal::tests::soft_pruning_works
        PASS [   0.067s] zksync_dal proof_generation_dal::tests::proof_generation_workflow
        PASS [   0.064s] zksync_dal pruning_dal::tests::transactions_are_handled_correctly_after_pruning
        PASS [   0.053s] zksync_dal snapshot_recovery_dal::tests::manipulating_snapshot_recovery_table
        PASS [   0.051s] zksync_dal snapshots_creator_dal::tests::phantom_writes_are_filtered_out
        PASS [   0.132s] zksync_dal pruning_dal::tests::storage_logs_pruning_works_correctly
        PASS [   0.062s] zksync_dal snapshots_dal::tests::adding_files
        PASS [   0.161s] zksync_dal pruning_dal::tests::l1_batches_can_be_hard_pruned
        PASS [   0.109s] zksync_dal snapshots_creator_dal::tests::getting_storage_log_chunks_basics
        PASS [   0.061s] zksync_dal snapshots_dal::tests::adding_snapshot
        PASS [   0.058s] zksync_dal snapshots_dal::tests::deleting_snapshots
        PASS [   0.065s] zksync_dal storage_logs_dal::tests::filtering_deployed_contracts
        PASS [   0.066s] zksync_dal storage_logs_dal::tests::getting_starting_entries_in_chunks
        PASS [   0.061s] zksync_dal storage_logs_dal::tests::getting_tree_entries
        PASS [   0.072s] zksync_dal storage_logs_dal::tests::getting_storage_logs_for_revert
        PASS [   0.071s] zksync_dal storage_logs_dal::tests::reverting_keys_without_initial_write
        PASS [   0.080s] zksync_dal storage_logs_dal::tests::inserting_storage_logs
        PASS [   0.048s] zksync_dal storage_logs_dedup_dal::tests::getting_max_enumeration_index_in_batch
        PASS [   1.120s] zksync_contract_verifier_lib tests::verifying_evm_bytecode::case_0
        PASS [   1.129s] zksync_contract_verifier_lib tests::verifying_evm_bytecode::case_1
        PASS [   0.060s] zksync_dal storage_web3_dal::tests::resolving_l1_batch_number_of_l2_block
        PASS [   0.061s] zksync_dal storage_web3_dal::tests::resolving_l1_batch_number_of_l2_block_with_snapshot_recovery
        PASS [   0.060s] zksync_dal sync_dal::tests::sync_block_after_snapshot_recovery
        PASS [   0.056s] zksync_dal tests::workflow_with_submit_tx_diff_hashes
        PASS [   0.065s] zksync_dal tests::workflow_with_submit_tx_equal_hashes
        PASS [   0.082s] zksync_dal sync_dal::tests::sync_block_basics
        PASS [   0.096s] zksync_dal tests::remove_stuck_txs
        PASS [   0.087s] zksync_dal tokens_dal::tests::adding_and_getting_tokens
        PASS [   0.072s] zksync_dal tokens_dal::tests::adding_problematic_tokens
        PASS [   0.080s] zksync_dal tokens_dal::tests::adding_problematic_tokens_null_chr
        PASS [   0.078s] zksync_dal tokens_dal::tests::rolling_back_tokens_with_failed_deployment
        PASS [   0.099s] zksync_dal tokens_dal::tests::rolling_back_tokens
        PASS [   0.083s] zksync_dal transactions_dal::tests::insert_l2_block_executed_txs
        PASS [   0.106s] zksync_dal transactions_dal::tests::getting_call_trace_for_transaction
        PASS [   0.072s] zksync_dal transactions_web3_dal::tests::getting_next_nonce_by_initiator_account_after_snapshot_recovery
        PASS [   0.090s] zksync_dal transactions_web3_dal::tests::getting_next_nonce_by_initiator_account
        PASS [   0.099s] zksync_dal transactions_web3_dal::tests::getting_evm_deployment_tx
        PASS [   0.094s] zksync_dal transactions_web3_dal::tests::getting_l2_block_transactions
        PASS [   0.079s] zksync_dal transactions_web3_dal::tests::getting_receipt_for_evm_deployment_tx
        PASS [   0.080s] zksync_dal transactions_web3_dal::tests::getting_receipts
        PASS [   0.076s] zksync_dal transactions_web3_dal::tests::getting_transaction
        PASS [   0.064s] zksync_db_connection connection::tests::creating_readonly_transaction::case_0
        PASS [   0.053s] zksync_db_connection connection::tests::creating_readonly_transaction::case_1
        PASS [   0.055s] zksync_db_connection connection::tests::processor_tags_propagate_to_transactions
        PASS [   0.061s] zksync_db_connection connection::tests::creating_readonly_transaction::case_2
        PASS [   0.073s] zksync_db_connection connection::tests::creating_readonly_transaction::case_3
        PASS [   0.076s] zksync_db_connection connection::tests::setting_isolation_level_for_transaction::case_0
        PASS [   0.010s] zksync_env_config api::tests::from_env
        PASS [   0.078s] zksync_db_connection connection::tests::setting_isolation_level_for_transaction::case_1
        PASS [   0.007s] zksync_env_config base_token_adjuster::tests::from_env_base_token_adjuster_defaults
        PASS [   0.009s] zksync_env_config base_token_adjuster::tests::from_env_base_token_adjuster
        PASS [   0.077s] zksync_db_connection connection::tests::setting_isolation_level_for_transaction::case_2
        PASS [   0.009s] zksync_env_config chain::tests::circuit_breaker_from_env
        PASS [   0.008s] zksync_env_config chain::tests::default_state_keeper_mode
        PASS [   0.010s] zksync_env_config chain::tests::mempool_from_env
        PASS [   0.066s] zksync_db_connection instrument::tests::instrumenting_erroneous_query
        PASS [   0.008s] zksync_env_config chain::tests::network_from_env
        PASS [   0.009s] zksync_env_config chain::tests::state_keeper_from_env
        PASS [   0.006s] zksync_env_config contract_verifier::tests::config_from_env_without_etherscan_api_url
        PASS [   0.008s] zksync_env_config contract_verifier::tests::config_from_env_with_etherscan_api_url
        PASS [   0.008s] zksync_env_config contract_verifier::tests::secrets_from_env_with_etherscan_api_key
        PASS [   0.006s] zksync_env_config contract_verifier::tests::secrets_from_env_without_etherscan_api_key
        PASS [   0.006s] zksync_env_config contracts::tests::from_env
        PASS [   0.007s] zksync_env_config da_client::tests::from_env_avail_client
        PASS [   0.006s] zksync_env_config da_client::tests::from_env_celestia_client
        PASS [   0.007s] zksync_env_config da_client::tests::from_env_avail_secrets
        PASS [   0.007s] zksync_env_config da_client::tests::from_env_celestia_secrets
        PASS [   0.007s] zksync_env_config da_client::tests::from_env_eigen_client
        PASS [   0.005s] zksync_env_config da_client::tests::from_env_object_store
        PASS [   0.009s] zksync_env_config da_dispatcher::tests::from_env_da_dispatcher
        PASS [   0.103s] zksync_db_connection connection::tests::tracing_connections
        PASS [   0.010s] zksync_env_config database::tests::database_secrets_from_env
        PASS [   0.009s] zksync_env_config database::tests::from_empty_env
        PASS [   0.009s] zksync_env_config database::tests::from_env
        PASS [   0.114s] zksync_db_connection connection::tests::setting_isolation_level_for_transaction::case_3
        PASS [   0.010s] zksync_env_config database::tests::postgres_from_env
        PASS [   0.010s] zksync_env_config eth_sender::tests::from_env
        PASS [   0.009s] zksync_env_config eth_watch::tests::from_env
        PASS [   0.009s] zksync_env_config external_price_api_client::tests::from_env_external_price_api_client
        PASS [   0.008s] zksync_env_config external_proof_integration_api::tests::from_env
        PASS [   0.007s] zksync_env_config fri_proof_compressor::tests::from_env
        PASS [   0.007s] zksync_env_config fri_prover_gateway::tests::from_env
        PASS [   0.008s] zksync_env_config fri_prover::tests::from_env
        PASS [   0.005s] zksync_env_config fri_witness_generator::tests::from_env_default_timeouts
        PASS [   0.008s] zksync_env_config fri_witness_generator::tests::from_env
        PASS [   0.008s] zksync_env_config house_keeper::tests::from_env
        PASS [   0.007s] zksync_env_config object_store::tests::file_backed_config_from_env
        PASS [   0.006s] zksync_env_config object_store::tests::from_env
        PASS [   0.006s] zksync_env_config object_store::tests::prover_bucket_config_from_env
        PASS [   0.008s] zksync_env_config object_store::tests::snapshots_bucket_config_from_env
        PASS [   0.008s] zksync_env_config proof_data_handler::tests::from_env
        PASS [   0.007s] zksync_env_config prover_job_monitor::tests::from_env
        PASS [   0.007s] zksync_env_config prover_job_monitor::tests::from_env_with_default
        PASS [   0.006s] zksync_env_config test_utils::env_mutex_basics
        PASS [   0.007s] zksync_env_config timestamp_asserter::tests::from_env_timestamp_asserter
        PASS [   0.006s] zksync_env_config vm_runner::tests::bwip_config_from_env
        PASS [   0.007s] zksync_env_config vm_runner::tests::experimental_vm_config_from_env
        PASS [   0.009s] zksync_eth_client clients::http::query::tests::test_https_provider
        PASS [   0.008s] zksync_eth_client clients::mock::tests::getting_chain_id
        PASS [   0.007s] zksync_eth_client clients::mock::tests::getting_transaction_failure_reason
        PASS [   0.007s] zksync_eth_client clients::mock::tests::managing_block_number
        PASS [   0.007s] zksync_eth_client clients::mock::tests::managing_fee_history
        PASS [   0.006s] zksync_eth_client clients::mock::tests::managing_transactions
        PASS [   0.008s] zksync_eth_client clients::mock::tests::managing_fee_history_l2
        PASS [   0.009s] zksync_eth_client types::tests::test_generating_signed_raw_transaction_with_4844_sidecar
        PASS [   0.008s] zksync_eth_client types::tests::test_generating_signed_raw_transaction_with_4844_sidecar_two_blobs
        PASS [   0.078s] zksync_eth_client clients::mock::tests::calling_contracts
        PASS [   0.189s] zksync_eth_sender tests::blob_transactions_are_resent_independently_of_non_blob_txs
        PASS [   0.215s] zksync_eth_sender tests::confirm_many::case_1
        PASS [   0.215s] zksync_eth_sender tests::confirm_many::case_2
        PASS [   0.222s] zksync_eth_sender tests::confirm_many::case_3
        PASS [   0.184s] zksync_eth_sender tests::correct_order_for_confirmations::case_0
        PASS [   0.115s] zksync_eth_sender tests::failed_eth_tx::case_0
        PASS [   0.125s] zksync_eth_sender tests::dont_resend_already_mined::case_0
        PASS [   0.130s] zksync_eth_sender tests::dont_resend_already_mined::case_1
        PASS [   0.124s] zksync_eth_sender tests::failed_eth_tx::case_1
        PASS [   0.187s] zksync_eth_sender tests::correct_order_for_confirmations::case_1
        PASS [   0.163s] zksync_eth_sender tests::parsing_multicall_data::case_0
        PASS [   0.185s] zksync_eth_sender tests::get_multicall_data::case_0
        PASS [   0.186s] zksync_eth_sender tests::get_multicall_data::case_1
        PASS [   0.184s] zksync_eth_sender tests::parsing_multicall_data_errors
        PASS [   0.235s] zksync_eth_sender tests::parsing_multicall_data::case_1
        PASS [   0.136s] zksync_eth_sender tests::resend_each_block::case_1
        PASS [   0.160s] zksync_eth_sender tests::resend_each_block::case_0
        PASS [   6.171s] zksync_consistency_checker tests::normal_checker_function::case_16
        PASS [   0.281s] zksync_eth_sender tests::skipped_l1_batch_at_the_start::case_0
        PASS [   0.267s] zksync_eth_sender tests::skipped_l1_batch_at_the_start::case_1
        PASS [   0.181s] zksync_eth_sender tests::switching_to_gateway_works_for_most_basic_scenario
        PASS [   0.259s] zksync_eth_sender tests::skipped_l1_batch_in_the_middle::case_0
        PASS [   0.009s] zksync_eth_signer pk_signer::test::test_generating_signed_raw_transaction
        PASS [   0.274s] zksync_eth_sender tests::skipped_l1_batch_in_the_middle::case_1
        PASS [   1.096s] zksync_db_connection connection_pool::tests::setting_statement_timeout
        PASS [   0.115s] zksync_eth_sender tests::transactions_are_not_resent_on_the_same_block
        PASS [   0.168s] zksync_eth_sender tests::three_scenarios::case_0
        PASS [   0.167s] zksync_eth_sender tests::three_scenarios::case_1
        PASS [   0.143s] zksync_eth_watch tests::test_batch_root_processor_from_genesis
        PASS [   6.176s] zksync_consistency_checker tests::normal_checker_function::case_18
        PASS [   0.132s] zksync_eth_watch tests::test_batch_root_processor_restart
        PASS [   0.107s] zksync_eth_watch tests::test_gap_in_single_batch
        PASS [   0.119s] zksync_eth_watch tests::test_gap_between_batches
        PASS [   0.109s] zksync_eth_watch tests::test_gap_in_upgrade_timestamp
        PASS [   0.109s] zksync_eth_watch tests::test_normal_operation_l1_txs
        PASS [   0.011s] zksync_external_node::bin/zksync_external_node config::tests::parsing_optional_config_from_empty_env
        PASS [   0.038s] zksync_external_node::bin/zksync_external_node config::tests::parsing_experimental_config_from_empty_env
        PASS [   0.037s] zksync_external_node::bin/zksync_external_node config::tests::parsing_experimental_config_from_env
        PASS [   0.027s] zksync_external_node::bin/zksync_external_node config::tests::parsing_observability_config
        PASS [   0.008s] zksync_external_node::bin/zksync_external_node config::tests::parsing_optional_config_from_env
        PASS [   0.008s] zksync_external_node::bin/zksync_external_node config::tests::parsing_renamed_optional_parameters
        PASS [   0.016s] zksync_external_node::bin/zksync_external_node config::tests::using_unset_sentry_url
        PASS [   0.126s] zksync_eth_watch tests::test_normal_operation_upgrade_timestamp
        PASS [   0.119s] zksync_eth_watch tests::test_overlapping_batches
        PASS [   0.155s] zksync_eth_watch tests::test_transactions_get_gradually_processed_by_gateway
        PASS [   6.127s] zksync_consistency_checker tests::normal_checker_function::case_20
        PASS [   0.143s] zksync_external_price_api cmc_api::tests::mock_fail_no_api_key
        PASS [   0.077s] zksync_external_price_api cmc_api::tests::mock_fail_not_found
        PASS [   0.023s] zksync_external_price_api coingecko_api::test::test_error_404
        PASS [   0.024s] zksync_external_price_api cmc_api::tests::mock_happy
        PASS [   0.022s] zksync_external_price_api coingecko_api::test::test_error_missing
        PASS [   0.022s] zksync_external_price_api coingecko_api::test::test_happy_day_with_api_key
        PASS [   0.005s] zksync_external_price_api coingecko_api::test::test_mock_response
        PASS [   0.005s] zksync_external_price_api utils::tests::test_float_to_fraction_conversion_as_expected
        PASS [   0.005s] zksync_external_price_api utils::tests::test_to_fraction_bad_inputs
        PASS [   0.023s] zksync_external_price_api coingecko_api::test::test_happy_day_with_no_api_key
        PASS [   0.023s] zksync_health_check tests::aggregating_health_checks
        PASS [   0.033s] zksync_health_check tests::adding_duplicate_component
        PASS [   0.005s] zksync_health_check tests::updating_health_status
        PASS [   0.005s] zksync_health_check tests::updating_health_status_after_freeze
        PASS [   0.004s] zksync_health_check tests::updating_health_status_return_value
        PASS [   0.007s] zksync_health_check tests::updating_health_status_after_panic
        PASS [   1.595s] zksync_db_connection instrument::tests::instrumenting_slow_query
        PASS [   0.040s] zksync_l1_contract_interface i_executor::structures::tests::test_encoding
        PASS [   0.042s] zksync_mempool tests::basic_flow
        PASS [   0.009s] zksync_mempool tests::filtering
        PASS [   0.012s] zksync_mempool tests::l1_txns_priority_id
        PASS [   0.014s] zksync_mempool tests::mempool_capacity
        PASS [   0.005s] zksync_mempool tests::mempool_does_not_purge_all_accounts
        PASS [   0.005s] zksync_mempool tests::mempool_size
        PASS [   0.006s] zksync_mempool tests::missing_txns
        PASS [   0.005s] zksync_mempool tests::prioritize_l1_txns
        PASS [   0.005s] zksync_mempool tests::rejected_tx
        PASS [   0.006s] zksync_mempool tests::replace_tx
        PASS [   0.005s] zksync_mempool tests::stashed_accounts
        PASS [   0.005s] zksync_mempool tests::two_ready_txs
        PASS [   0.005s] zksync_mempool types::tests::filter
        PASS [   0.070s] zksync_merkle_tree consistency::tests::atomic_bit_set_basics
        PASS [   0.080s] zksync_merkle_tree consistency::tests::basic_consistency_checks
        PASS [   0.016s] zksync_merkle_tree consistency::tests::duplicate_leaf_index_error
        PASS [   0.012s] zksync_merkle_tree consistency::tests::empty_internal_node_error
        PASS [   0.012s] zksync_merkle_tree consistency::tests::full_key_mismatch_error
        PASS [   0.009s] zksync_merkle_tree consistency::tests::hash_mismatch_error
        PASS [   0.017s] zksync_merkle_tree consistency::tests::leaf_count_mismatch_error
        PASS [   0.029s] zksync_merkle_tree consistency::tests::leaf_index_overflow_error
        PASS [   0.019s] zksync_merkle_tree consistency::tests::missing_node_error
        PASS [   0.012s] zksync_merkle_tree consistency::tests::missing_root_error
        PASS [   0.011s] zksync_merkle_tree consistency::tests::missing_version_error
        PASS [   0.012s] zksync_merkle_tree consistency::tests::root_version_mismatch_error
        PASS [   0.010s] zksync_merkle_tree consistency::tests::version_mismatch_error
        PASS [   0.009s] zksync_merkle_tree errors::tests::displaying_deserialize_error_for_internal_node
        PASS [   0.009s] zksync_merkle_tree errors::tests::displaying_deserialize_error_for_leaf
        PASS [   0.007s] zksync_merkle_tree getters::tests::entries_in_empty_tree
        PASS [   0.007s] zksync_merkle_tree getters::tests::entries_in_single_node_tree
        PASS [   0.008s] zksync_merkle_tree hasher::nodes::tests::hashing_internal_node
        PASS [   0.007s] zksync_merkle_tree hasher::nodes::tests::updating_internal_node_cache
        PASS [   0.006s] zksync_merkle_tree hasher::tests::empty_tree_hash_is_as_expected
        PASS [   0.009s] zksync_merkle_tree hasher::tests::folding_merkle_path
        PASS [   0.009s] zksync_merkle_tree hasher::tests::leaf_is_hashed_as_expected
        PASS [   0.275s] zksync_logs_bloom_backfill tests::test_logs_bloom_backfill
        PASS [   0.014s] zksync_merkle_tree pruning::tests::pruner_basics
        PASS [   0.026s] zksync_merkle_tree pruning::tests::keys_are_removed_by_pruning_when_overwritten
        PASS [   0.024s] zksync_merkle_tree pruning::tests::keys_are_removed_by_pruning_when_overwritten_in_multiple_batches
        PASS [   0.008s] zksync_merkle_tree pruning::tests::pruner_is_aborted_immediately_when_requested
        PASS [   0.007s] zksync_merkle_tree pruning::tests::pruner_with_intermediate_commits
        PASS [   0.010s] zksync_merkle_tree pruning::tests::pruning_with_truncation
        PASS [   0.637s] zksync_external_node::bin/zksync_external_node tests::running_tree_without_core_is_not_allowed
        PASS [   0.015s] zksync_merkle_tree pruning::tests::tree_is_consistent_after_partial_pruning
        PASS [   0.013s] zksync_merkle_tree pruning::tests::tree_is_consistent_after_pruning
        PASS [   0.008s] zksync_merkle_tree recovery::tests::recovering_empty_tree
        PASS [   0.009s] zksync_merkle_tree recovery::tests::recovering_tree_with_single_node
        PASS [   0.007s] zksync_merkle_tree recovery::tests::recovery_for_different_version
        PASS [   0.030s] zksync_merkle_tree pruning::tests::pruning_with_truncation_on_rocksdb
        PASS [   0.006s] zksync_merkle_tree recovery::tests::recovery_for_initialized_tree
        PASS [   0.008s] zksync_merkle_tree storage::database::tests::merging_two_update_patches
        PASS [   0.015s] zksync_merkle_tree repair::tests::stale_keys_repair_with_normal_tree
        PASS [   0.006s] zksync_merkle_tree storage::database::tests::patch_set_with_update
        PASS [   0.018s] zksync_merkle_tree repair::tests::detecting_bogus_stale_keys
        PASS [   0.006s] zksync_merkle_tree storage::database::tests::patched_db_with_update_patch
        PASS [   0.006s] zksync_merkle_tree storage::database::tests::requesting_nodes_in_patched_db
        PASS [   0.007s] zksync_merkle_tree storage::patch::tests::loading_greatest_key
        PASS [   0.012s] zksync_merkle_tree storage::parallel::tests::fault_injection_with_parallel_persistence
        PASS [   0.006s] zksync_merkle_tree storage::patch::tests::splitting_patch_set
        PASS [   0.006s] zksync_merkle_tree storage::proofs::tests::sorting_keys
        PASS [   0.008s] zksync_merkle_tree storage::proofs::tests::proofs_for_empty_storage
        PASS [   0.726s] zksync_external_node::bin/zksync_external_node tests::external_node_basics::case_1
        PASS [   0.716s] zksync_external_node::bin/zksync_external_node tests::external_node_basics::case_3
        PASS [   0.010s] zksync_merkle_tree storage::serialization::tests::manifest_serialization_errors
        PASS [   0.013s] zksync_merkle_tree storage::rocksdb::tests::garbage_is_removed_on_db_reverts
        PASS [   0.007s] zksync_merkle_tree storage::serialization::tests::serializing_empty_root
        PASS [   0.007s] zksync_merkle_tree storage::serialization::tests::serializing_internal_node
        PASS [   0.007s] zksync_merkle_tree storage::serialization::tests::serializing_leaf_node
        PASS [   0.007s] zksync_merkle_tree storage::serialization::tests::serializing_manifest
        PASS [   0.006s] zksync_merkle_tree storage::serialization::tests::serializing_manifest_with_recovery_flag
        PASS [   0.008s] zksync_merkle_tree storage::serialization::tests::serializing_manifest_with_custom_tags
        PASS [   0.719s] zksync_external_node::bin/zksync_external_node tests::node_reacts_to_stop_signal_during_initial_reorg_detection
        PASS [   0.008s] zksync_merkle_tree storage::serialization::tests::serializing_root_with_internal_node
        PASS [   0.007s] zksync_merkle_tree storage::serialization::tests::serializing_root_with_leaf
        PASS [   0.070s] zksync_merkle_tree repair::tests::full_stale_keys_task_workflow
        PASS [   0.008s] zksync_merkle_tree storage::tests::changing_child_ref_type
        PASS [   0.008s] zksync_merkle_tree storage::tests::inserting_entries_in_empty_database
        PASS [   0.005s] zksync_merkle_tree storage::tests::proving_keys_existence_and_absence
        PASS [   0.007s] zksync_merkle_tree storage::tests::inserting_node_in_non_empty_database
        PASS [   0.008s] zksync_merkle_tree storage::tests::inserting_node_in_non_empty_database_with_moved_key
        PASS [   0.008s] zksync_merkle_tree storage::tests::read_ops_are_not_reflected_in_patch
        PASS [   0.007s] zksync_merkle_tree storage::tests::recovery_flattens_node_versions
        PASS [   0.010s] zksync_merkle_tree storage::tests::reading_keys_does_not_change_child_version
        PASS [   0.021s] zksync_merkle_tree storage::tests::read_instructions_do_not_lead_to_copied_nodes::case_0
        PASS [   0.028s] zksync_merkle_tree storage::tests::read_instructions_do_not_lead_to_copied_nodes::case_1
        PASS [   0.035s] zksync_merkle_tree storage::tests::recovery_pruning_equivalence::case_01
        PASS [   0.037s] zksync_merkle_tree storage::tests::recovery_pruning_equivalence::case_00
        PASS [   0.046s] zksync_merkle_tree storage::tests::read_instructions_do_not_lead_to_copied_nodes::case_2
        PASS [   0.036s] zksync_merkle_tree storage::tests::recovery_pruning_equivalence::case_02
        PASS [   0.033s] zksync_merkle_tree storage::tests::recovery_pruning_equivalence::case_03
        PASS [   0.033s] zksync_merkle_tree storage::tests::recovery_pruning_equivalence::case_04
        PASS [   0.118s] zksync_merkle_tree storage::parallel::tests::database_methods_with_parallel_persistence
        PASS [   0.022s] zksync_merkle_tree storage::tests::recovery_pruning_equivalence::case_07
        PASS [   0.034s] zksync_merkle_tree storage::tests::recovery_pruning_equivalence::case_05
        PASS [   0.033s] zksync_merkle_tree storage::tests::recovery_pruning_equivalence::case_06
        PASS [   6.087s] zksync_consistency_checker tests::normal_checker_function::case_22
        PASS [   0.055s] zksync_merkle_tree storage::tests::recovery_pruning_equivalence::case_14
        PASS [   0.072s] zksync_merkle_tree storage::tests::recovery_pruning_equivalence::case_13
        PASS [   0.086s] zksync_merkle_tree storage::tests::recovery_pruning_equivalence::case_12
        PASS [   0.095s] zksync_merkle_tree storage::tests::recovery_pruning_equivalence::case_11
        PASS [   0.060s] zksync_merkle_tree storage::tests::recovery_pruning_equivalence::case_15
        PASS [   0.103s] zksync_merkle_tree storage::tests::recovery_pruning_equivalence::case_10
        PASS [   0.118s] zksync_merkle_tree storage::tests::recovery_pruning_equivalence::case_08
        PASS [   0.114s] zksync_merkle_tree storage::tests::recovery_pruning_equivalence::case_09
        PASS [   0.037s] zksync_merkle_tree storage::tests::recovery_pruning_equivalence::case_16
        PASS [   0.026s] zksync_merkle_tree storage::tests::recovery_pruning_equivalence::case_20
        PASS [   0.021s] zksync_merkle_tree storage::tests::recovery_pruning_equivalence::case_22
        PASS [   0.021s] zksync_merkle_tree storage::tests::recovery_pruning_equivalence::case_23
        PASS [   0.024s] zksync_merkle_tree storage::tests::recovery_pruning_equivalence::case_21
        PASS [   0.036s] zksync_merkle_tree storage::tests::recovery_pruning_equivalence::case_17
        PASS [   0.030s] zksync_merkle_tree storage::tests::recovery_pruning_equivalence::case_19
        PASS [   0.033s] zksync_merkle_tree storage::tests::recovery_pruning_equivalence::case_18
        PASS [   0.053s] zksync_merkle_tree storage::tests::recovery_pruning_equivalence::case_30
        PASS [   0.053s] zksync_merkle_tree storage::tests::recovery_pruning_equivalence::case_31
        PASS [   0.008s] zksync_merkle_tree storage::tests::recovery_with_deep_node_hierarchy::case_0
        PASS [   0.011s] zksync_merkle_tree storage::tests::recovery_with_deep_node_hierarchy::case_1
        PASS [   0.067s] zksync_merkle_tree storage::tests::recovery_pruning_equivalence::case_29
        PASS [   0.012s] zksync_merkle_tree storage::tests::recovery_with_deep_node_hierarchy::case_2
        PASS [   0.009s] zksync_merkle_tree storage::tests::recovery_with_deep_node_hierarchy::case_3
        PASS [   0.009s] zksync_merkle_tree storage::tests::recovery_with_deep_node_hierarchy::case_4
        PASS [   0.078s] zksync_merkle_tree storage::tests::recovery_pruning_equivalence::case_28
        PASS [   0.007s] zksync_merkle_tree storage::tests::recovery_with_deep_node_hierarchy::case_6
        PASS [   0.009s] zksync_merkle_tree storage::tests::recovery_with_deep_node_hierarchy::case_5
        PASS [   0.007s] zksync_merkle_tree storage::tests::recovery_with_node_hierarchy::case_0
        PASS [   0.087s] zksync_merkle_tree storage::tests::recovery_pruning_equivalence::case_27
        PASS [   0.013s] zksync_merkle_tree storage::tests::recovery_with_node_hierarchy::case_1
        PASS [   0.010s] zksync_merkle_tree storage::tests::recovery_with_node_hierarchy::case_3
        PASS [   0.009s] zksync_merkle_tree storage::tests::recovery_with_node_hierarchy::case_4
        PASS [   0.008s] zksync_merkle_tree storage::tests::recovery_with_node_hierarchy::case_5
        PASS [   0.015s] zksync_merkle_tree storage::tests::recovery_with_node_hierarchy::case_2
        PASS [   0.007s] zksync_merkle_tree storage::tests::recovery_with_node_hierarchy::case_6
        PASS [   0.008s] zksync_merkle_tree storage::tests::replaced_keys_are_correctly_tracked::case_00
        PASS [   0.104s] zksync_merkle_tree storage::tests::recovery_pruning_equivalence::case_26
        PASS [   0.010s] zksync_merkle_tree storage::tests::recovery_workflow_with_multiple_stages
        PASS [   0.120s] zksync_merkle_tree storage::tests::recovery_pruning_equivalence::case_24
        PASS [   0.113s] zksync_merkle_tree storage::tests::recovery_pruning_equivalence::case_25
        PASS [   0.017s] zksync_merkle_tree storage::tests::replaced_keys_are_correctly_tracked::case_01
        PASS [   0.015s] zksync_merkle_tree storage::tests::replaced_keys_are_correctly_tracked::case_02
        PASS [   0.015s] zksync_merkle_tree storage::tests::replaced_keys_are_correctly_tracked::case_03
        PASS [   0.018s] zksync_merkle_tree storage::tests::replaced_keys_are_correctly_tracked::case_05
        PASS [   0.019s] zksync_merkle_tree storage::tests::replaced_keys_are_correctly_tracked::case_04
        PASS [   0.005s] zksync_merkle_tree tests::hasher_mismatch
        PASS [   0.007s] zksync_merkle_tree storage::tests::tree_handles_keys_at_terminal_level
        PASS [   0.025s] zksync_merkle_tree storage::tests::replaced_keys_are_correctly_tracked::case_06
        PASS [   0.027s] zksync_merkle_tree storage::tests::replaced_keys_are_correctly_tracked::case_07
        PASS [   0.006s] zksync_merkle_tree tests::tree_architecture_mismatch
        PASS [   0.006s] zksync_merkle_tree tests::tree_depth_mismatch
        PASS [   0.006s] zksync_merkle_tree types::internal::tests::accessing_nibbles_in_key
        PASS [   0.006s] zksync_merkle_tree types::internal::tests::manipulating_nibbles
        PASS [   0.006s] zksync_merkle_tree types::internal::tests::nibbles_and_node_key_display
        PASS [   0.006s] zksync_merkle_tree types::internal::tests::nibbles_created_from_different_sources_can_be_equal
        PASS [   0.007s] zksync_merkle_tree types::internal::tests::nibbles_prefix
        PASS [   0.006s] zksync_merkle_tree types::internal::tests::node_key_serialization
        PASS [   0.006s] zksync_merkle_tree utils::tests::finding_diverging_bit
        PASS [   0.033s] zksync_merkle_tree storage::tests::replaced_keys_are_correctly_tracked::case_09
        PASS [   0.006s] zksync_merkle_tree utils::tests::merging_by_index
        PASS [   0.034s] zksync_merkle_tree storage::tests::replaced_keys_are_correctly_tracked::case_08
        PASS [   0.006s] zksync_merkle_tree utils::tests::small_map_operations
        PASS [   0.039s] zksync_merkle_tree storage::tests::replaced_keys_are_correctly_tracked::case_11
        PASS [   0.054s] zksync_merkle_tree storage::tests::replaced_keys_are_correctly_tracked::case_10
        PASS [   0.036s] zksync_merkle_tree::integration domain::filtering_out_no_op_writes
        PASS [   0.041s] zksync_merkle_tree utils::tests::small_map_works_correctly_for_all_key_sets
        PASS [   0.035s] zksync_merkle_tree::integration domain::read_logs
        PASS [   0.040s] zksync_merkle_tree::integration domain::process_block_idempotency_check
        PASS [   0.046s] zksync_merkle_tree::integration domain::basic_workflow_multiblock
        PASS [   0.012s] zksync_merkle_tree::integration domain::root_hash_compatibility
        PASS [   0.054s] zksync_merkle_tree::integration domain::basic_workflow
        PASS [   0.020s] zksync_merkle_tree::integration domain::witnesses_with_multiple_blocks
        PASS [   0.050s] zksync_merkle_tree::integration domain::reset_tree
        PASS [   0.032s] zksync_merkle_tree::integration domain::tree_with_single_leaf_works_correctly
        PASS [   0.041s] zksync_merkle_tree::integration domain::revert_blocks
        PASS [   0.026s] zksync_merkle_tree::integration merkle_tree::accumulating_commits::case_4
        PASS [   0.023s] zksync_merkle_tree::integration merkle_tree::accumulating_commits::case_5
        PASS [   0.031s] zksync_merkle_tree::integration merkle_tree::accumulating_commits::case_3
        PASS [   0.036s] zksync_merkle_tree::integration merkle_tree::accumulating_commits::case_2
        PASS [   0.053s] zksync_merkle_tree::integration merkle_tree::accumulating_commits::case_1
        PASS [   0.008s] zksync_merkle_tree::integration merkle_tree::compute_tree_hash_works_correctly
        PASS [   0.008s] zksync_merkle_tree::integration merkle_tree::entry_proofs_are_computed_correctly_on_empty_tree::case_0
        PASS [   0.007s] zksync_merkle_tree::integration merkle_tree::entry_proofs_are_computed_correctly_on_empty_tree::case_1
        PASS [   0.067s] zksync_merkle_tree::integration domain::witness_workflow
        PASS [   0.011s] zksync_merkle_tree::integration merkle_tree::entry_proofs_are_computed_correctly_on_empty_tree::case_2
        PASS [   0.008s] zksync_merkle_tree::integration merkle_tree::entry_proofs_are_computed_correctly_on_empty_tree::case_3
        PASS [   0.010s] zksync_merkle_tree::integration merkle_tree::entry_proofs_are_computed_correctly_on_empty_tree::case_4
        PASS [   0.011s] zksync_merkle_tree::integration merkle_tree::entry_proofs_are_computed_correctly_on_empty_tree::case_5
        PASS [   0.015s] zksync_merkle_tree::integration merkle_tree::entry_proofs_are_computed_correctly_on_empty_tree::case_6
        PASS [   0.075s] zksync_merkle_tree::integration merkle_tree::accumulating_commits::case_0
        PASS [   0.008s] zksync_merkle_tree::integration merkle_tree::output_proofs_are_computed_correctly_on_empty_tree::case_0
        PASS [   0.007s] zksync_merkle_tree::integration merkle_tree::output_proofs_are_computed_correctly_on_empty_tree::case_1
        PASS [   0.030s] zksync_merkle_tree::integration merkle_tree::entry_proofs_are_computed_correctly_on_empty_tree::case_7
        PASS [   0.009s] zksync_merkle_tree::integration merkle_tree::output_proofs_are_computed_correctly_on_empty_tree::case_2
        PASS [   0.009s] zksync_merkle_tree::integration merkle_tree::output_proofs_are_computed_correctly_on_empty_tree::case_3
        PASS [   0.009s] zksync_merkle_tree::integration merkle_tree::output_proofs_are_computed_correctly_on_empty_tree::case_4
        PASS [   0.009s] zksync_merkle_tree::integration merkle_tree::output_proofs_are_computed_correctly_on_empty_tree::case_5
        PASS [   0.031s] zksync_merkle_tree::integration merkle_tree::entry_proofs_are_computed_correctly_with_intermediate_commits::case_3
        PASS [   0.012s] zksync_merkle_tree::integration merkle_tree::output_proofs_are_computed_correctly_on_empty_tree::case_6
        PASS [   0.041s] zksync_merkle_tree::integration merkle_tree::entry_proofs_are_computed_correctly_with_intermediate_commits::case_2
        PASS [   0.018s] zksync_merkle_tree::integration merkle_tree::output_proofs_are_computed_correctly_on_empty_tree::case_7
        PASS [   0.055s] zksync_merkle_tree::integration merkle_tree::entry_proofs_are_computed_correctly_with_intermediate_commits::case_1
        PASS [   0.022s] zksync_merkle_tree::integration merkle_tree::output_proofs_are_computed_correctly_with_intermediate_commits::case_2
        PASS [   0.019s] zksync_merkle_tree::integration merkle_tree::output_proofs_are_computed_correctly_with_intermediate_commits::case_3
        PASS [   0.029s] zksync_merkle_tree::integration merkle_tree::output_proofs_are_computed_correctly_with_intermediate_commits::case_1
        PASS [   0.010s] zksync_merkle_tree::integration merkle_tree::proofs_are_computed_correctly_for_missing_keys
        PASS [   0.036s] zksync_merkle_tree::integration merkle_tree::output_proofs_are_computed_correctly_with_intermediate_commits::case_0
        PASS [   0.019s] zksync_merkle_tree::integration merkle_tree::output_proofs_are_computed_correctly_with_intermediate_commits::case_4
        PASS [   0.019s] zksync_merkle_tree::integration merkle_tree::output_proofs_are_computed_correctly_with_intermediate_commits::case_5
        PASS [   0.014s] zksync_merkle_tree::integration merkle_tree::proofs_are_computed_correctly_for_mixed_instructions
        PASS [   0.081s] zksync_merkle_tree::integration merkle_tree::entry_proofs_are_computed_correctly_with_intermediate_commits::case_0
        PASS [   0.019s] zksync_merkle_tree::integration merkle_tree::proofs_are_computed_correctly_with_key_updates::case_1
        PASS [   0.025s] zksync_merkle_tree::integration merkle_tree::proofs_are_computed_correctly_with_key_updates::case_0
        PASS [   0.020s] zksync_merkle_tree::integration merkle_tree::proofs_are_computed_correctly_with_key_updates::case_2
        PASS [   0.023s] zksync_merkle_tree::integration merkle_tree::proofs_are_computed_correctly_with_key_updates::case_3
        PASS [   0.023s] zksync_merkle_tree::integration merkle_tree::proofs_are_computed_correctly_with_key_updates::case_4
        PASS [   0.024s] zksync_merkle_tree::integration merkle_tree::range_proofs_for_almost_full_range::case_0
        PASS [   0.025s] zksync_merkle_tree::integration merkle_tree::range_proofs_for_almost_full_range::case_1
        PASS [   0.016s] zksync_merkle_tree::integration merkle_tree::range_proofs_for_almost_full_range::case_3
        PASS [   0.015s] zksync_merkle_tree::integration merkle_tree::range_proofs_for_almost_full_range::case_4
        PASS [   0.011s] zksync_merkle_tree::integration merkle_tree::range_proofs_for_almost_full_range::case_5
        PASS [   0.019s] zksync_merkle_tree::integration merkle_tree::range_proofs_for_almost_full_range::case_2
        PASS [   0.020s] zksync_merkle_tree::integration merkle_tree::range_proofs_with_multiple_existing_items::case_0
        PASS [   0.020s] zksync_merkle_tree::integration merkle_tree::range_proofs_with_multiple_existing_items::case_1
        PASS [   0.025s] zksync_merkle_tree::integration merkle_tree::range_proofs_with_multiple_existing_items::case_2
        PASS [   0.036s] zksync_merkle_tree::integration merkle_tree::range_proofs_with_multiple_existing_items::case_3
        PASS [   0.046s] zksync_merkle_tree::integration merkle_tree::range_proofs_with_multiple_existing_items::case_4
        PASS [   0.060s] zksync_merkle_tree::integration merkle_tree::range_proofs_with_multiple_existing_items::case_5
        PASS [   0.071s] zksync_merkle_tree::integration merkle_tree::range_proofs_with_multiple_existing_items::case_6
        PASS [   0.053s] zksync_merkle_tree::integration merkle_tree::rocksdb::accumulating_commits::case_2
        PASS [   0.066s] zksync_merkle_tree::integration merkle_tree::rocksdb::accumulating_commits::case_1
        PASS [   0.045s] zksync_merkle_tree::integration merkle_tree::rocksdb::accumulating_commits::case_3
        PASS [   0.035s] zksync_merkle_tree::integration merkle_tree::rocksdb::accumulating_commits::case_4
        PASS [   0.089s] zksync_merkle_tree::integration merkle_tree::range_proofs_with_random_ranges
        PASS [   0.088s] zksync_merkle_tree::integration merkle_tree::rocksdb::accumulating_commits::case_0
        PASS [   0.033s] zksync_merkle_tree::integration merkle_tree::rocksdb::accumulating_commits::case_5
        PASS [   0.031s] zksync_merkle_tree::integration merkle_tree::rocksdb::root_hash_is_computed_correctly_with_key_updates
        PASS [   0.066s] zksync_merkle_tree::integration merkle_tree::rocksdb::root_hash_equals_to_previous_implementation
        PASS [   0.057s] zksync_merkle_tree::integration merkle_tree::rocksdb::root_hash_is_computed_correctly_with_reverts
        PASS [   0.014s] zksync_merkle_tree::integration merkle_tree::rocksdb::tree_tags_mismatch
        PASS [   0.080s] zksync_merkle_tree::integration merkle_tree::rocksdb::root_hash_is_computed_correctly_with_intermediate_commits::case_2
        PASS [   0.097s] zksync_merkle_tree::integration merkle_tree::rocksdb::root_hash_is_computed_correctly_with_intermediate_commits::case_1
        PASS [   0.015s] zksync_merkle_tree::integration merkle_tree::root_hash_equals_to_previous_implementation
        PASS [   0.017s] zksync_merkle_tree::integration merkle_tree::rocksdb::tree_tags_mismatch_with_cold_restart
        PASS [   0.009s] zksync_merkle_tree::integration merkle_tree::root_hash_is_computed_correctly_on_empty_tree::case_0
        PASS [   0.008s] zksync_merkle_tree::integration merkle_tree::root_hash_is_computed_correctly_on_empty_tree::case_2
        PASS [   0.010s] zksync_merkle_tree::integration merkle_tree::root_hash_is_computed_correctly_on_empty_tree::case_1
        PASS [   0.008s] zksync_merkle_tree::integration merkle_tree::root_hash_is_computed_correctly_on_empty_tree::case_3
        PASS [   0.011s] zksync_merkle_tree::integration merkle_tree::root_hash_is_computed_correctly_on_empty_tree::case_4
        PASS [   0.011s] zksync_merkle_tree::integration merkle_tree::root_hash_is_computed_correctly_on_empty_tree::case_5
        PASS [   0.008s] zksync_merkle_tree::integration merkle_tree::root_hash_is_computed_correctly_on_empty_tree::case_6
        PASS [   0.016s] zksync_merkle_tree::integration merkle_tree::root_hash_is_computed_correctly_on_empty_tree::case_7
        PASS [   0.137s] zksync_merkle_tree::integration merkle_tree::rocksdb::root_hash_is_computed_correctly_with_intermediate_commits::case_0
        PASS [   0.105s] zksync_merkle_tree::integration merkle_tree::rocksdb::snapshot_for_pruned_tree::case_1
        PASS [   0.081s] zksync_merkle_tree::integration merkle_tree::rocksdb::snapshot_for_pruned_tree::case_2
        PASS [   1.543s] zksync_external_node::bin/zksync_external_node tests::external_node_basics::case_2
        PASS [   0.136s] zksync_merkle_tree::integration merkle_tree::rocksdb::snapshot_for_pruned_tree::case_0
        PASS [   1.556s] zksync_external_node::bin/zksync_external_node tests::external_node_basics::case_0
        PASS [   0.026s] zksync_merkle_tree::integration merkle_tree::root_hash_is_computed_correctly_with_intermediate_commits::case_3
        PASS [   0.018s] zksync_merkle_tree::integration merkle_tree::root_hash_is_computed_correctly_with_key_updates
        PASS [   0.024s] zksync_merkle_tree::integration merkle_tree::root_hash_is_computed_correctly_with_intermediate_commits::case_5
        PASS [   0.039s] zksync_merkle_tree::integration merkle_tree::root_hash_is_computed_correctly_with_intermediate_commits::case_2
        PASS [   0.018s] zksync_merkle_tree::integration recovery::recovery_basics
        PASS [   0.033s] zksync_merkle_tree::integration merkle_tree::root_hash_is_computed_correctly_with_intermediate_commits::case_4
        PASS [   0.060s] zksync_merkle_tree::integration merkle_tree::root_hash_is_computed_correctly_with_intermediate_commits::case_1
        PASS [   0.058s] zksync_merkle_tree::integration merkle_tree::root_hash_is_computed_correctly_with_reverts
        PASS [   0.090s] zksync_merkle_tree::integration merkle_tree::root_hash_is_computed_correctly_with_intermediate_commits::case_0
        PASS [   0.073s] zksync_merkle_tree::integration recovery::recovery_in_chunks::case_2
        PASS [   0.087s] zksync_merkle_tree::integration recovery::recovery_in_chunks::case_0
        PASS [   0.078s] zksync_merkle_tree::integration recovery::recovery_in_chunks::case_3
        PASS [   0.083s] zksync_merkle_tree::integration recovery::recovery_in_chunks::case_1
        PASS [   0.081s] zksync_merkle_tree::integration recovery::recovery_in_chunks::case_5
        PASS [   0.091s] zksync_merkle_tree::integration recovery::recovery_in_chunks::case_4
        PASS [   0.093s] zksync_merkle_tree::integration recovery::recovery_in_chunks::case_6
        PASS [   0.079s] zksync_merkle_tree::integration recovery::recovery_in_chunks::case_7
        PASS [   0.093s] zksync_merkle_tree::integration recovery::rocksdb::parallel_recovery_in_chunks::case_0
        PASS [   0.079s] zksync_merkle_tree::integration recovery::rocksdb::parallel_recovery_in_chunks::case_4
        PASS [   0.062s] zksync_merkle_tree::integration recovery::rocksdb::recovery_in_chunks::case_0
        PASS [   0.060s] zksync_merkle_tree::integration recovery::rocksdb::recovery_in_chunks::case_1
        PASS [   0.062s] zksync_merkle_tree::integration recovery::rocksdb::recovery_in_chunks::case_2
        PASS [   0.064s] zksync_merkle_tree::integration recovery::rocksdb::recovery_in_chunks::case_3
        PASS [   0.192s] zksync_merkle_tree::integration recovery::rocksdb::parallel_recovery_in_chunks::case_1
        PASS [   0.194s] zksync_merkle_tree::integration recovery::rocksdb::parallel_recovery_in_chunks::case_2
        PASS [   0.193s] zksync_merkle_tree::integration recovery::rocksdb::parallel_recovery_in_chunks::case_3
        PASS [   0.088s] zksync_merkle_tree::integration recovery::rocksdb::recovery_in_chunks::case_4
        PASS [   0.197s] zksync_merkle_tree::integration recovery::rocksdb::parallel_recovery_in_chunks::case_6
        PASS [   0.208s] zksync_merkle_tree::integration recovery::rocksdb::parallel_recovery_in_chunks::case_5
        PASS [   0.198s] zksync_merkle_tree::integration recovery::rocksdb::parallel_recovery_in_chunks::case_7
        PASS [   0.050s] zksync_metadata_calculator api_server::tests::api_client_unparesable_response_error
        PASS [   0.092s] zksync_merkle_tree::integration recovery::rocksdb::recovery_in_chunks::case_6
        PASS [   0.116s] zksync_merkle_tree::integration recovery::rocksdb::recovery_in_chunks::case_5
        PASS [   0.099s] zksync_merkle_tree::integration recovery::rocksdb::recovery_in_chunks::case_7
        PASS [   0.205s] zksync_metadata_calculator helpers::tests::loaded_logs_equivalence_with_zero_no_op_logs
        PASS [   0.224s] zksync_metadata_calculator helpers::tests::loaded_logs_equivalence_with_protective_reads
        PASS [   0.271s] zksync_metadata_calculator helpers::tests::loaded_logs_equivalence_with_non_zero_no_op_logs
        PASS [   0.291s] zksync_metadata_calculator helpers::tests::loaded_logs_equivalence_basics
        PASS [   0.008s] zksync_metadata_calculator recovery::tests::calculating_chunk_count
        PASS [   0.306s] zksync_metadata_calculator api_server::tests::merkle_tree_api
        PASS [   0.318s] zksync_metadata_calculator api_server::tests::local_merkle_tree_client
        PASS [   0.140s] zksync_metadata_calculator pruning::tests::pruning_task_premature_exit::case_1
        PASS [   0.151s] zksync_metadata_calculator pruning::tests::pruning_task_premature_exit::case_0
        PASS [   0.387s] zksync_metadata_calculator pruning::tests::basic_tree_pruning_workflow
        PASS [  20.642s] zk_os_merkle_tree tests::incrementally_extending_tree_with_proofs
        PASS [   0.199s] zksync_metadata_calculator recovery::tests::entire_recovery_workflow::case_0
        PASS [   0.461s] zksync_metadata_calculator pruning::tests::pruning_after_snapshot_recovery
        PASS [   0.246s] zksync_metadata_calculator recovery::tests::detecting_root_hash_mismatch_after_pruning
        PASS [   0.301s] zksync_metadata_calculator recovery::tests::entire_recovery_workflow::case_1
        PASS [   0.261s] zksync_metadata_calculator recovery::tests::init_params_for_large_genesis_state
        PASS [   0.348s] zksync_metadata_calculator recovery::tests::entire_workflow_with_large_genesis_state
        PASS [   0.312s] zksync_metadata_calculator recovery::tests::pruning_during_recovery_is_detected
        PASS [   0.331s] zksync_metadata_calculator recovery::tests::recovery_fault_tolerance::case_0
        PASS [   0.454s] zksync_metadata_calculator recovery::tests::fault_tolerance_for_large_genesis_state
        PASS [   0.373s] zksync_metadata_calculator recovery::tests::recovery_fault_tolerance::case_1
        PASS [   0.298s] zksync_metadata_calculator recovery::tests::recovery_fault_tolerance::case_3
        PASS [   0.361s] zksync_metadata_calculator recovery::tests::recovery_fault_tolerance::case_2
        PASS [   1.049s] zksync_metadata_calculator api_server::tests::api_client_connection_error
        PASS [   0.407s] zksync_metadata_calculator recovery::tests::recovery_fault_tolerance::case_4
        PASS [   0.347s] zksync_metadata_calculator recovery::tests::recovery_fault_tolerance::case_6
        PASS [   0.415s] zksync_metadata_calculator recovery::tests::recovery_fault_tolerance::case_5
        PASS [   0.380s] zksync_metadata_calculator recovery::tests::recovery_fault_tolerance::case_7
        PASS [   0.376s] zksync_metadata_calculator recovery::tests::recovery_fault_tolerance::case_8
        PASS [   0.432s] zksync_metadata_calculator recovery::tests::recovery_with_further_pruning::case_2
        PASS [   0.465s] zksync_metadata_calculator recovery::tests::recovery_with_further_pruning::case_0
        PASS [   0.523s] zksync_metadata_calculator recovery::tests::recovery_with_further_pruning::case_1
        PASS [   0.316s] zksync_metadata_calculator tests::basic_workflow::case_0
        PASS [   0.345s] zksync_metadata_calculator tests::basic_workflow::case_1
        PASS [   0.322s] zksync_metadata_calculator tests::deduplication_works_as_expected
        PASS [   0.553s] zksync_metadata_calculator recovery::tests::recovery_workflow_for_partial_pruning
        PASS [   0.310s] zksync_metadata_calculator tests::genesis_creation::case_0
        PASS [   1.399s] zksync_metadata_calculator recovery::tests::basic_recovery_workflow
        PASS [   0.281s] zksync_metadata_calculator tests::genesis_creation::case_1
        PASS [   0.624s] zksync_metadata_calculator repair::tests::repair_task_basics
        PASS [   0.522s] zksync_metadata_calculator tests::error_on_pruned_next_l1_batch::case_0
        PASS [   0.519s] zksync_metadata_calculator tests::error_on_pruned_next_l1_batch::case_1
        PASS [   0.232s] zksync_metadata_calculator tests::low_level_genesis_creation
        PASS [   0.547s] zksync_metadata_calculator tests::l1_batch_divergence_entire_workflow::case_0
        PASS [   0.526s] zksync_metadata_calculator tests::l1_batch_divergence_entire_workflow::case_1
        PASS [   0.496s] zksync_metadata_calculator tests::l1_batch_divergence_entire_workflow::case_2
        PASS [   5.072s] zksync_eth_sender tests::confirm_many::case_0
        PASS [   0.429s] zksync_metadata_calculator tests::multi_l1_batch_workflow::case_0
        PASS [   0.586s] zksync_metadata_calculator tests::l1_batch_divergence_entire_workflow::case_3
        PASS [   0.432s] zksync_metadata_calculator tests::multi_l1_batch_workflow::case_1
        PASS [   0.540s] zksync_metadata_calculator tests::l1_batch_divergence_entire_workflow::case_5
        PASS [   0.547s] zksync_metadata_calculator tests::l1_batch_divergence_entire_workflow::case_4
        PASS [   0.439s] zksync_metadata_calculator tests::postgres_backup_recovery::case_0
        PASS [   4.587s] zksync_eth_sender tests::test_signing_eip712_tx
        PASS [   0.467s] zksync_metadata_calculator tests::postgres_backup_recovery::case_1
        PASS [   0.434s] zksync_metadata_calculator tests::postgres_backup_recovery_with_excluded_metadata::case_0
        PASS [   0.262s] zksync_metadata_calculator tests::status_receiver_has_correct_states::case_0
        PASS [   0.490s] zksync_metadata_calculator tests::postgres_backup_recovery_with_delay_between_batches::case_0
        PASS [   0.286s] zksync_metadata_calculator tests::status_receiver_has_correct_states::case_1
        PASS [   0.491s] zksync_metadata_calculator tests::postgres_backup_recovery_with_delay_between_batches::case_1
        PASS [   0.347s] zksync_metadata_calculator tests::shutting_down_calculator
        PASS [   0.440s] zksync_metadata_calculator tests::postgres_backup_recovery_with_excluded_metadata::case_1
        PASS [   0.518s] zksync_metadata_calculator tests::running_metadata_calculator_with_additional_blocks::case_1
        PASS [   0.544s] zksync_metadata_calculator tests::running_metadata_calculator_with_additional_blocks::case_0
        PASS [   0.477s] zksync_metadata_calculator tests::tree_truncation_on_l1_batch_divergence::case_00
        PASS [   0.487s] zksync_metadata_calculator tests::tree_truncation_on_l1_batch_divergence::case_01
        PASS [   0.462s] zksync_metadata_calculator tests::tree_truncation_on_l1_batch_divergence::case_02
        PASS [   0.443s] zksync_metadata_calculator tests::tree_truncation_on_l1_batch_divergence::case_03
        PASS [   0.431s] zksync_metadata_calculator tests::tree_truncation_on_l1_batch_divergence::case_04
        PASS [   0.449s] zksync_metadata_calculator tests::tree_truncation_on_l1_batch_divergence::case_06
        PASS [   0.441s] zksync_metadata_calculator tests::tree_truncation_on_l1_batch_divergence::case_07
        PASS [   0.428s] zksync_metadata_calculator tests::tree_truncation_on_l1_batch_divergence::case_09
        PASS [   0.492s] zksync_metadata_calculator tests::tree_truncation_on_l1_batch_divergence::case_05
        PASS [   0.465s] zksync_metadata_calculator tests::tree_truncation_on_l1_batch_divergence::case_08
        PASS [   0.457s] zksync_metadata_calculator tests::tree_truncation_on_l1_batch_divergence::case_10
        PASS [   0.457s] zksync_metadata_calculator tests::tree_truncation_on_l1_batch_divergence::case_11
        PASS [   0.414s] zksync_metadata_calculator tests::tree_truncation_on_l1_batch_divergence::case_12
        PASS [   0.015s] zksync_mini_merkle_tree tests::caching_leaves
        PASS [   0.006s] zksync_mini_merkle_tree tests::dynamic_merkle_tree_growth
        PASS [   0.008s] zksync_mini_merkle_tree tests::full_tree_snapshot
        PASS [   0.009s] zksync_mini_merkle_tree tests::hash_of_empty_tree_with_single_item
        PASS [   0.009s] zksync_mini_merkle_tree tests::hash_of_large_empty_tree_with_multiple_items
        PASS [   0.392s] zksync_metadata_calculator tests::tree_truncation_on_l1_batch_divergence::case_13
        PASS [   0.016s] zksync_mini_merkle_tree tests::merkle_proofs_are_valid_for_ranges
        PASS [   0.007s] zksync_mini_merkle_tree tests::merkle_proofs_are_valid_in_small_tree
        PASS [   0.024s] zksync_mini_merkle_tree tests::merkle_proofs_are_valid_in_larger_tree
        PASS [   0.024s] zksync_mini_merkle_tree tests::merkle_proofs_are_valid_in_very_small_trees
        PASS [   0.008s] zksync_mini_merkle_tree tests::partial_tree_snapshot
        PASS [   0.005s] zksync_mini_merkle_tree tests::pushing_new_leaves
        PASS [   0.006s] zksync_mini_merkle_tree tests::single_item_tree_snapshot
        PASS [   0.005s] zksync_mini_merkle_tree tests::tree_depth_is_computed_correctly
        PASS [   0.455s] zksync_metadata_calculator tests::tree_truncation_on_l1_batch_divergence::case_14
        PASS [   0.006s] zksync_mini_merkle_tree tests::trim_all_and_grow
        PASS [   0.422s] zksync_metadata_calculator tests::tree_truncation_on_l1_batch_divergence::case_15
        PASS [   0.013s] zksync_mini_merkle_tree tests::trim_all_and_check_root
        PASS [   0.373s] zksync_metadata_calculator tests::tree_truncation_on_l1_batch_divergence_in_pruned_tree::case_2
        PASS [   0.417s] zksync_metadata_calculator tests::tree_truncation_on_l1_batch_divergence_in_pruned_tree::case_1
        PASS [   0.465s] zksync_metadata_calculator tests::tree_truncation_on_l1_batch_divergence_in_pruned_tree::case_0
        PASS [   0.400s] zksync_metadata_calculator tests::tree_truncation_on_l1_batch_divergence_in_pruned_tree::case_4
        PASS [   0.051s] zksync_multivm utils::bytecode::tests::bytecode_compression_statisticst
        PASS [   0.053s] zksync_multivm utils::bytecode::tests::bytecode_compression
        PASS [   0.012s] zksync_multivm utils::deduplicator::tests::storage_writes_deduplicator
        PASS [   0.059s] zksync_multivm pubdata_builders::tests::test_hashed_pubdata_building
        PASS [   0.012s] zksync_multivm utils::deduplicator::tests::test_duplicate_all_storage_logs
        PASS [   0.060s] zksync_multivm pubdata_builders::tests::test_full_pubdata_building
        PASS [   0.008s] zksync_multivm utils::deduplicator::tests::test_duplicate_storage_logs_within_same_address
        PASS [   0.006s] zksync_multivm utils::deduplicator::tests::test_last_rollback
        PASS [   0.007s] zksync_multivm utils::deduplicator::tests::test_no_duplicate_storage_logs
        PASS [   0.433s] zksync_metadata_calculator tests::tree_truncation_on_l1_batch_divergence_in_pruned_tree::case_3
        PASS [   0.008s] zksync_multivm utils::events::tests::test_extract_bytecode_publication_requests_from_l1_messenger
        PASS [   0.007s] zksync_multivm utils::events::tests::test_extract_l2tol1logs_from_l1_messenger
        PASS [   0.452s] zksync_metadata_calculator tests::tree_truncation_on_l1_batch_divergence_in_pruned_tree::case_5
        PASS [   0.348s] zksync_metadata_calculator tests::tree_truncation_on_l1_batch_divergence_in_pruned_tree::case_6
        PASS [   0.103s] zksync_multivm versions::shadow::tests::bootloader::bootloader_out_of_gas
        PASS [   0.103s] zksync_multivm versions::shadow::tests::bootloader::dummy_bootloader
        PASS [   0.110s] zksync_multivm versions::shadow::sanity_check_harness
        PASS [   0.122s] zksync_multivm versions::shadow::sanity_check_shadow_vm
        PASS [   0.107s] zksync_multivm versions::shadow::tests::call_tracer::basic_behavior
        PASS [   0.170s] zksync_multivm versions::shadow::sanity_check_harness_on_new_vm
        PASS [   0.065s] zksync_multivm versions::shadow::tests::call_tracer::out_of_gas
        PASS [   0.067s] zksync_multivm versions::shadow::tests::call_tracer::evm_to_eravm_call
        PASS [   0.080s] zksync_multivm versions::shadow::tests::call_tracer::evm_deployment_from_contract
        PASS [   0.419s] zksync_metadata_calculator tests::tree_truncation_on_l1_batch_divergence_in_pruned_tree::case_7
        PASS [   0.091s] zksync_multivm versions::shadow::tests::call_tracer::evm_deployment_tx
        PASS [   0.078s] zksync_multivm versions::shadow::tests::call_tracer::recursive_tx
        PASS [   0.249s] zksync_multivm versions::shadow::shadow_vm_basics
        PASS [   0.082s] zksync_multivm versions::shadow::tests::call_tracer::reverted_tx
        PASS [   0.075s] zksync_multivm versions::shadow::tests::code_oracle::code_oracle
        PASS [   0.081s] zksync_multivm versions::shadow::tests::circuits::circuits
        PASS [   0.083s] zksync_multivm versions::shadow::tests::call_tracer::transfer
        PASS [   0.082s] zksync_multivm versions::shadow::tests::code_oracle::refunds_in_code_oracle
        PASS [   0.065s] zksync_multivm versions::shadow::tests::evm::calling_ecrecover_precompile
        PASS [   0.076s] zksync_multivm versions::shadow::tests::evm::calling_sha256_precompile
        PASS [   0.085s] zksync_multivm versions::shadow::tests::default_aa::permissive_aa_works
        PASS [   0.099s] zksync_multivm versions::shadow::tests::evm::calling_era_contract_from_evm
        PASS [   0.174s] zksync_multivm versions::shadow::tests::code_oracle::code_oracle_big_bytecode
        PASS [   0.082s] zksync_multivm versions::shadow::tests::evm::era_vm_deployment_after_evm_deployment
        PASS [   0.094s] zksync_multivm versions::shadow::tests::evm::era_vm_deployment_after_evm_execution
        PASS [   0.077s] zksync_multivm versions::shadow::tests::evm::evm_deployment_tx
        PASS [   0.084s] zksync_multivm versions::shadow::tests::evm::evm_bytecode_decommit
        PASS [   0.416s] zksync_multivm versions::shadow::tests::bytecode_publishing::bytecode_publishing
        PASS [   0.088s] zksync_multivm versions::shadow::tests::evm::real_emulator_basics
        PASS [   0.082s] zksync_multivm versions::shadow::tests::evm::real_emulator_block_info
        PASS [   0.069s] zksync_multivm versions::shadow::tests::evm::real_emulator_code_hash
        PASS [   0.225s] zksync_multivm versions::shadow::tests::evm::deployment_with_partial_reverts
        PASS [   0.072s] zksync_multivm versions::shadow::tests::evm::real_emulator_deployment
        PASS [   0.290s] zksync_multivm versions::shadow::tests::default_aa::default_aa_interaction
        PASS [   0.072s] zksync_multivm versions::shadow::tests::evm::real_emulator_gas_management
        PASS [   0.087s] zksync_multivm versions::shadow::tests::evm::real_emulator_create2_deployment
        PASS [   0.059s] zksync_multivm versions::shadow::tests::evm::real_emulator_msg_info
        PASS [   0.159s] zksync_multivm versions::shadow::tests::evm::far_calls_from_evm_contract
        PASS [   0.081s] zksync_multivm versions::shadow::tests::evm::real_emulator_recursion
        PASS [   0.065s] zksync_multivm versions::shadow::tests::evm::reusing_create_address
        PASS [   0.060s] zksync_multivm versions::shadow::tests::gas_limit::tx_gas_limit_offset
        PASS [   0.076s] zksync_multivm versions::shadow::tests::evm::reusing_create2_salt
        PASS [   0.067s] zksync_multivm versions::shadow::tests::get_used_contracts::get_used_contracts
        PASS [   0.066s] zksync_multivm versions::shadow::tests::is_write_initial::is_write_initial_behaviour
        PASS [   0.069s] zksync_multivm versions::shadow::tests::l1_tx_execution::l1_tx_execution
        PASS [   0.057s] zksync_multivm versions::shadow::tests::l2_blocks::l2_block_initialization_timestamp
        PASS [   0.074s] zksync_multivm versions::shadow::tests::l1_tx_execution::l1_tx_execution_high_gas_limit
        PASS [   0.070s] zksync_multivm versions::shadow::tests::l2_blocks::l2_block_initialization_number_non_zero
        PASS [   0.092s] zksync_multivm versions::shadow::tests::l2_blocks::l2_block_first_in_batch
        PASS [   0.105s] zksync_multivm versions::shadow::tests::l2_blocks::l2_block_new_l2_block
        PASS [   0.092s] zksync_multivm versions::shadow::tests::l2_blocks::l2_block_same_l2_block
        PASS [   0.066s] zksync_multivm versions::shadow::tests::mock_evm::mock_emulator_basics
        PASS [   0.075s] zksync_multivm versions::shadow::tests::mock_evm::mock_emulator_with_delegate_call
        PASS [   0.089s] zksync_multivm versions::shadow::tests::mock_evm::calling_to_mock_emulator_from_native_contract
        PASS [   0.079s] zksync_multivm versions::shadow::tests::mock_evm::mock_emulator_with_deployment
        PASS [   0.072s] zksync_multivm versions::shadow::tests::mock_evm::mock_emulator_with_payment::case_0
        PASS [   0.086s] zksync_multivm versions::shadow::tests::mock_evm::mock_emulator_with_payment::case_1
        PASS [   0.280s] zksync_multivm versions::shadow::tests::l1_messenger::rollup_da_output_hash_match
        PASS [   0.093s] zksync_multivm versions::shadow::tests::mock_evm::mock_emulator_with_recursion::case_0
        PASS [   0.092s] zksync_multivm versions::shadow::tests::mock_evm::mock_emulator_with_recursion::case_1
        PASS [   0.148s] zksync_multivm versions::shadow::tests::mock_evm::mock_emulator_with_partial_reverts
        PASS [   0.109s] zksync_multivm versions::shadow::tests::mock_evm::mock_emulator_with_recursion::case_2
        PASS [   0.079s] zksync_multivm versions::shadow::tests::mock_evm::mock_emulator_with_recursive_deployment
        PASS [   0.063s] zksync_multivm versions::shadow::tests::mock_evm::tracing_evm_contract_deployment
        PASS [   0.105s] zksync_multivm versions::shadow::tests::mock_evm::mock_emulator_with_recursion::case_3
        PASS [   0.074s] zksync_multivm versions::shadow::tests::mock_evm::mock_emulator_with_reverted_deployment
        PASS [   0.074s] zksync_multivm versions::shadow::tests::mock_evm::mock_emulator_with_static_call
        PASS [   0.065s] zksync_multivm versions::shadow::tests::nonce_holder::nonce_holder
        FAIL [   0.068s] zksync_multivm versions::shadow::tests::precompiles::ecadd

--- STDOUT:              zksync_multivm versions::shadow::tests::precompiles::ecadd ---

running 1 test
test versions::shadow::tests::precompiles::ecadd ... FAILED

failures:

failures:
    versions::shadow::tests::precompiles::ecadd

test result: FAILED. 0 passed; 1 failed; 0 ignored; 0 measured; 367 filtered out; finished in 0.06s


--- STDERR:              zksync_multivm versions::shadow::tests::precompiles::ecadd ---
[/Users/ra/.cargo/git/checkouts/zksync-protocol-e730b056cbe90308/030b6f7/crates/zk_evm_abstractions/src/precompiles/ecadd.rs:283:5] &x1_field = Fq(0x0000000000000000000000000000000000000000000000000000000000000001)
[/Users/ra/.cargo/git/checkouts/zksync-protocol-e730b056cbe90308/030b6f7/crates/zk_evm_abstractions/src/precompiles/ecadd.rs:284:5] &y1_field = Fq(0x0000000000000000000000000000000000000000000000000000000000000002)
[/Users/ra/.cargo/git/checkouts/zksync-protocol-e730b056cbe90308/030b6f7/crates/zk_evm_abstractions/src/precompiles/ecadd.rs:285:5] &x2_field = Fq(0x0000000000000000000000000000000000000000000000000000000000000001)
[/Users/ra/.cargo/git/checkouts/zksync-protocol-e730b056cbe90308/030b6f7/crates/zk_evm_abstractions/src/precompiles/ecadd.rs:286:5] &y2_field = Fq(0x0000000000000000000000000000000000000000000000000000000000000002)
thread 'versions::shadow::tests::precompiles::ecadd' panicked at lib/vm_interface/src/utils/shadow.rs:43:13:
VM execution diverged: executing VM with mode OneTx: [`statistics.circuit_statistic` mismatch: Diff < left / right > :
 CircuitStatistic {
     main_vm: 1.2020183,
     ram_permutation: 0.14254591,
     storage_application: 1.6060606,
     storage_sorter: 0.0031346548,
     code_decommitter: 1.2105448,
     code_decommitter_sorter: 0.00058426964,
     log_demuxer: 0.0032688172,
     events_sorter: 0.0005753188,
     keccak256: 0.11604095,
     ecrecover: 0.14285715,
     sha256: 0.0,
     secp256k1_verify: 0.0,
     transient_storage_checker: 0.0,
     modexp: 0.0,
<    ecadd: 0.0013297872,
>    ecadd: 0.0,
     ecmul: 0.0,
     ecpairing: 0.0,
 }
]
note: run with `RUST_BACKTRACE=1` environment variable to display a backtrace

   Canceling due to test failure: 13 tests still running
        PASS [   0.058s] zksync_multivm versions::shadow::tests::precompiles::ecrecover
        PASS [   0.064s] zksync_multivm versions::shadow::tests::refunds::negative_pubdata_for_transaction
        PASS [   0.072s] zksync_multivm versions::shadow::tests::precompiles::keccak
        PASS [   0.081s] zksync_multivm versions::shadow::tests::precompiles::sha256
        PASS [   0.060s] zksync_multivm versions::shadow::tests::rollbacks::rollback_in_call_mode
        PASS [   0.071s] zksync_multivm versions::shadow::tests::require_eip712::require_eip712
        PASS [   1.549s] zksync_mini_merkle_tree tests::merkle_proofs_are_valid_in_very_large_tree
        PASS [   1.321s] zksync_multivm versions::shadow::tests::call_tracer::reverted_deployment
        PASS [   0.645s] zksync_multivm versions::shadow::tests::refunds::predetermined_refunded_gas
        PASS [   1.197s] zksync_multivm versions::shadow::tests::get_used_contracts::get_used_contracts_with_far_call
        PASS [   1.194s] zksync_multivm versions::shadow::tests::get_used_contracts::get_used_contracts_with_out_of_gas_far_call
        PASS [   6.328s] zksync_merkle_tree::integration consistency::five_thousand_angry_monkeys_vs_merkle_tree
        PASS [   5.646s] zksync_multivm versions::shadow::tests::block_tip::dry_run_upper_bound
        PASS [  29.706s] zk_os_merkle_tree tests::rocksdb::incrementally_extending_tree_with_proofs
------------
     Summary [  30.269s] 968/1909 tests run: 967 passed, 1 failed, 1 skipped
        FAIL [   0.068s] zksync_multivm versions::shadow::tests::precompiles::ecadd
error: test run failed
│
■  Command failed to run
│  
■    Status:
│      exit status: 100
│    Stdout:
│      
│  
│    Stderr:
│      
│  
■  Command failed to run: cargo nextest run --release
│  
▲    0: Command failed to run: cargo nextest run --release
│  
└  Failed to run command
